PAIRED_END_BAM_INPUT
Processed 1000000 records
Processed 2000000 records
Processed 3000000 records
Processed 4000000 records
Processed 5000000 records
Processed 6000000 records
Processed 7000000 records
Processed 8000000 records
Processed 9000000 records
Processed 10000000 records
Processed 11000000 records
Processed 12000000 records
Processed 13000000 records
Processed 14000000 records
Processed 15000000 records
Processed 16000000 records
Processed 17000000 records
Processed 18000000 records
Processed 19000000 records
Processed 20000000 records
Processed 21000000 records
Processed 22000000 records
Processed 23000000 records
Processed 24000000 records
Processed 25000000 records
Processed 26000000 records
Processed 27000000 records
Processed 28000000 records
Processed 29000000 records
Processed 30000000 records
Processed 31000000 records
Processed 32000000 records
Processed 33000000 records
Processed 34000000 records
Processed 35000000 records
Processed 36000000 records
Processed 37000000 records
Processed 38000000 records
Processed 39000000 records
Processed 40000000 records
Processed 41000000 records
Processed 42000000 records
Processed 43000000 records
Processed 44000000 records
Processed 45000000 records
Processed 46000000 records
Processed 47000000 records
Processed 48000000 records
Processed 49000000 records
Processed 50000000 records
Processed 51000000 records
Processed 52000000 records
Processed 53000000 records
Processed 54000000 records
Processed 55000000 records
Processed 56000000 records
Processed 57000000 records
Processed 58000000 records
Processed 59000000 records
Processed 60000000 records
Processed 61000000 records
Processed 62000000 records
Processed 63000000 records
Processed 64000000 records
Processed 65000000 records
Processed 66000000 records
Processed 67000000 records
Processed 68000000 records
Processed 69000000 records
Processed 70000000 records
Processed 71000000 records
Processed 72000000 records
Processed 73000000 records
Processed 74000000 records
Processed 75000000 records
Processed 76000000 records
Processed 77000000 records
Processed 78000000 records
Processed 79000000 records
Processed 80000000 records
Processed 81000000 records
Processed 82000000 records
Processed 83000000 records
Processed 84000000 records
Processed 85000000 records
Processed 86000000 records
Processed 87000000 records
Processed 88000000 records
Processed 89000000 records
Processed 90000000 records
Processed 91000000 records
Processed 92000000 records
Processed 93000000 records
Processed 94000000 records
Processed 95000000 records
Processed 96000000 records
Processed 97000000 records
Processed 98000000 records
Processed 99000000 records
Processed 100000000 records
Processed 101000000 records
Processed 102000000 records
Processed 103000000 records
Processed 104000000 records
Processed 105000000 records
Processed 106000000 records
Processed 107000000 records
Processed 108000000 records
Processed 109000000 records
Processed 110000000 records
Processed 111000000 records
Processed 112000000 records
Processed 113000000 records
Processed 114000000 records
Processed 115000000 records
Processed 116000000 records
paired = 57409422
unpaired = 1533243
MERGED PAIRED END READS = 57409422
MATES PROCESSED = 116352087
TOTAL READS     = 58942665
DISTINCT READS  = 3.8984e+07
DISTINCT COUNTS = 802
MAX COUNT       = 214169
COUNTS OF 1     = 3.17433e+07
MAX TERMS       = 100
OBSERVED COUNTS (214170)
1	31743276
2	5394937
3	967720
4	248064
5	111726
6	72355
7	54221
8	43195
9	35438
10	29279
11	24559
12	21550
13	18570
14	16064
15	14115
16	12603
17	11176
18	9905
19	8858
20	8244
21	7354
22	6693
23	6153
24	5554
25	5211
26	4781
27	4503
28	4110
29	3754
30	3622
31	3356
32	3255
33	3041
34	2907
35	2715
36	2416
37	2329
38	2300
39	2125
40	2032
41	1901
42	1817
43	1736
44	1646
45	1621
46	1525
47	1411
48	1423
49	1255
50	1291
51	1210
52	1160
53	1118
54	1119
55	1024
56	981
57	945
58	863
59	902
60	863
61	821
62	771
63	794
64	721
65	745
66	682
67	607
68	593
69	583
70	632
71	535
72	569
73	555
74	525
75	492
76	488
77	487
78	485
79	483
80	444
81	409
82	407
83	393
84	385
85	393
86	385
87	357
88	376
89	346
90	366
91	334
92	341
93	297
94	289
95	295
96	291
97	280
98	313
99	278
100	264
101	268
102	212
103	264
104	246
105	236
106	232
107	245
108	195
109	224
110	216
111	199
112	205
113	201
114	199
115	199
116	190
117	152
118	180
119	152
120	169
121	156
122	161
123	150
124	141
125	155
126	155
127	134
128	144
129	137
130	134
131	157
132	159
133	147
134	122
135	108
136	119
137	113
138	118
139	114
140	110
141	126
142	108
143	104
144	107
145	122
146	119
147	90
148	83
149	102
150	98
151	83
152	96
153	88
154	65
155	87
156	77
157	94
158	80
159	85
160	91
161	73
162	59
163	83
164	69
165	75
166	61
167	67
168	58
169	74
170	71
171	69
172	72
173	71
174	60
175	65
176	68
177	56
178	67
179	56
180	62
181	51
182	64
183	53
184	43
185	52
186	54
187	45
188	52
189	46
190	46
191	63
192	52
193	49
194	53
195	49
196	44
197	34
198	52
199	47
200	43
201	46
202	45
203	33
204	46
205	59
206	37
207	38
208	38
209	35
210	35
211	35
212	41
213	40
214	36
215	35
216	35
217	31
218	29
219	33
220	30
221	31
222	35
223	36
224	32
225	29
226	31
227	26
228	34
229	27
230	22
231	26
232	26
233	32
234	29
235	30
236	22
237	24
238	33
239	23
240	22
241	25
242	29
243	19
244	37
245	27
246	27
247	25
248	24
249	24
250	32
251	28
252	28
253	21
254	25
255	20
256	22
257	19
258	21
259	20
260	17
261	24
262	17
263	23
264	21
265	22
266	12
267	18
268	14
269	16
270	10
271	6
272	17
273	16
274	26
275	14
276	17
277	22
278	13
279	19
280	10
281	20
282	12
283	15
284	15
285	20
286	11
287	17
288	7
289	9
290	13
291	11
292	11
293	13
294	16
295	14
296	9
297	19
298	13
299	12
300	11
301	14
302	16
303	4
304	11
305	16
306	13
307	16
308	11
309	14
310	14
311	16
312	18
313	15
314	15
315	9
316	10
317	10
318	7
319	9
320	9
321	5
322	10
323	7
324	10
325	13
326	8
327	7
328	11
329	12
330	9
331	7
332	9
333	13
334	13
335	8
336	9
337	10
338	5
339	5
340	15
341	12
342	15
343	8
344	7
345	16
346	10
347	9
348	4
349	13
350	9
351	5
352	12
353	8
354	4
355	10
356	5
357	9
358	11
359	13
360	6
361	7
362	5
363	2
364	8
365	5
366	9
367	6
368	9
369	6
370	9
371	11
372	5
373	6
374	4
375	7
376	11
377	5
378	4
379	7
380	5
381	4
382	4
383	2
384	7
385	9
386	8
387	5
388	9
389	6
390	10
391	3
392	4
393	3
394	3
395	5
396	7
397	2
398	7
399	1
400	2
401	6
402	9
403	3
404	2
405	4
406	7
407	1
408	5
409	6
410	5
411	5
412	7
413	6
414	1
415	2
416	3
417	4
418	4
419	7
420	4
421	3
422	4
423	10
424	4
425	7
426	7
427	5
428	6
429	3
430	1
431	2
432	4
433	5
434	3
435	1
436	4
437	2
438	2
439	1
440	3
441	2
442	4
443	4
444	5
445	6
446	6
447	4
448	2
449	3
450	3
451	3
452	3
453	3
454	2
455	5
456	4
457	3
459	1
460	5
461	6
462	5
463	3
464	2
465	2
466	4
467	3
468	5
469	5
470	5
471	3
472	1
474	5
475	1
476	2
477	3
480	5
481	4
482	1
483	4
484	3
485	2
486	4
487	3
488	2
489	3
491	1
492	4
493	6
494	3
495	2
496	5
497	4
498	2
499	2
500	4
501	1
502	5
503	2
504	4
505	1
506	3
507	1
508	1
510	4
511	1
513	1
514	1
515	2
516	3
517	1
518	1
519	1
520	3
521	2
522	1
524	5
526	3
527	5
528	1
529	2
530	5
531	3
532	1
533	4
534	1
535	1
537	2
538	2
539	4
540	2
541	3
542	3
543	4
544	4
545	4
546	2
547	1
548	1
549	3
550	3
551	3
552	3
553	3
555	1
556	3
557	3
559	2
560	1
561	1
562	2
563	1
564	1
565	1
567	3
570	2
571	1
573	2
574	1
575	2
576	3
577	1
578	1
579	1
580	4
581	3
582	3
583	1
584	2
585	2
586	1
588	2
590	3
591	1
592	2
593	2
594	1
595	2
597	1
598	3
599	2
601	2
602	1
603	3
604	1
606	2
607	1
609	1
610	2
611	1
612	2
613	1
614	1
615	3
616	3
617	2
619	2
621	1
623	3
624	1
626	2
627	1
632	2
633	3
635	2
636	1
637	1
638	1
639	1
642	3
643	1
644	1
645	2
646	1
647	2
650	1
651	2
653	2
654	1
655	2
656	3
657	1
659	1
662	2
664	2
668	1
671	2
672	2
673	1
674	1
675	3
676	2
677	1
681	1
684	1
685	1
689	1
690	2
694	1
695	1
700	3
703	2
704	1
705	2
706	1
707	3
711	1
713	1
714	1
715	1
716	3
719	2
720	1
722	1
723	2
724	1
725	1
726	1
727	1
728	1
729	1
730	2
731	1
732	3
734	2
735	1
736	1
737	1
739	2
740	2
742	4
743	1
745	1
748	1
753	2
754	1
756	1
762	1
763	1
764	2
771	1
772	1
773	1
776	1
778	1
779	1
783	1
788	1
789	1
793	2
794	2
795	1
796	2
797	1
799	1
802	2
806	1
808	2
811	1
813	1
815	1
816	2
837	1
838	2
847	2
848	1
850	1
853	2
857	1
859	1
868	2
869	1
871	2
877	1
879	1
880	1
886	1
887	1
888	1
889	1
891	1
892	3
896	2
899	1
907	1
913	1
924	1
926	1
931	1
934	1
939	1
943	1
948	2
949	1
956	1
958	1
960	1
963	1
983	1
988	1
992	1
1003	1
1004	1
1012	1
1020	2
1025	1
1029	1
1037	1
1042	1
1045	1
1046	2
1056	1
1057	2
1058	1
1066	1
1068	1
1073	1
1080	1
1105	1
1118	1
1121	2
1138	1
1143	1
1171	1
1193	1
1198	1
1204	1
1207	1
1220	1
1260	1
1287	1
1292	1
1306	1
1344	1
1349	1
1432	1
1462	1
1464	1
1480	1
1485	1
1494	1
1540	1
1593	1
1666	1
1716	1
1725	1
1768	1
1799	1
1975	1
2060	1
2252	1
2279	1
2389	1
2465	1
2504	1
2516	1
3233	1
3896	1
3954	1
4669	1
5072	1
16370	1
214169	1

[ESTIMATING YIELD CURVE]
[BOOTSTRAPPING HISTOGRAM]
...__....._..._........__..._._...._._.__...__.........._........_......._____._........._....._._....._._.............___.._......
[COMPUTING CONFIDENCE INTERVALS]
[WRITING OUTPUT]
