PAIRED_END_BAM_INPUT
Processed 1000000 records
Processed 2000000 records
Processed 3000000 records
Processed 4000000 records
Processed 5000000 records
Processed 6000000 records
Processed 7000000 records
Processed 8000000 records
Processed 9000000 records
Processed 10000000 records
Processed 11000000 records
Processed 12000000 records
Processed 13000000 records
Processed 14000000 records
Processed 15000000 records
Processed 16000000 records
Processed 17000000 records
Processed 18000000 records
Processed 19000000 records
Processed 20000000 records
Processed 21000000 records
Processed 22000000 records
Processed 23000000 records
Processed 24000000 records
Processed 25000000 records
Processed 26000000 records
Processed 27000000 records
Processed 28000000 records
Processed 29000000 records
Processed 30000000 records
Processed 31000000 records
Processed 32000000 records
Processed 33000000 records
Processed 34000000 records
Processed 35000000 records
Processed 36000000 records
Processed 37000000 records
Processed 38000000 records
Processed 39000000 records
Processed 40000000 records
Processed 41000000 records
Processed 42000000 records
Processed 43000000 records
Processed 44000000 records
Processed 45000000 records
Processed 46000000 records
Processed 47000000 records
Processed 48000000 records
Processed 49000000 records
Processed 50000000 records
Processed 51000000 records
Processed 52000000 records
Processed 53000000 records
Processed 54000000 records
Processed 55000000 records
Processed 56000000 records
Processed 57000000 records
Processed 58000000 records
Processed 59000000 records
Processed 60000000 records
Processed 61000000 records
Processed 62000000 records
Processed 63000000 records
Processed 64000000 records
Processed 65000000 records
Processed 66000000 records
Processed 67000000 records
Processed 68000000 records
Processed 69000000 records
Processed 70000000 records
Processed 71000000 records
Processed 72000000 records
Processed 73000000 records
Processed 74000000 records
Processed 75000000 records
Processed 76000000 records
Processed 77000000 records
Processed 78000000 records
Processed 79000000 records
Processed 80000000 records
Processed 81000000 records
Processed 82000000 records
Processed 83000000 records
Processed 84000000 records
Processed 85000000 records
Processed 86000000 records
Processed 87000000 records
Processed 88000000 records
Processed 89000000 records
Processed 90000000 records
Processed 91000000 records
Processed 92000000 records
Processed 93000000 records
Processed 94000000 records
Processed 95000000 records
Processed 96000000 records
Processed 97000000 records
Processed 98000000 records
Processed 99000000 records
Processed 100000000 records
Processed 101000000 records
Processed 102000000 records
Processed 103000000 records
Processed 104000000 records
Processed 105000000 records
Processed 106000000 records
Processed 107000000 records
Processed 108000000 records
Processed 109000000 records
Processed 110000000 records
Processed 111000000 records
Processed 112000000 records
Processed 113000000 records
Processed 114000000 records
Processed 115000000 records
Processed 116000000 records
Processed 117000000 records
Processed 118000000 records
Processed 119000000 records
Processed 120000000 records
Processed 121000000 records
Processed 122000000 records
Processed 123000000 records
Processed 124000000 records
Processed 125000000 records
Processed 126000000 records
Processed 127000000 records
Processed 128000000 records
Processed 129000000 records
Processed 130000000 records
Processed 131000000 records
Processed 132000000 records
Processed 133000000 records
paired = 65785860
unpaired = 1866368
MERGED PAIRED END READS = 65785860
MATES PROCESSED = 133438088
TOTAL READS     = 67652228
DISTINCT READS  = 4.70561e+07
DISTINCT COUNTS = 590
MAX COUNT       = 308102
COUNTS OF 1     = 3.73399e+07
MAX TERMS       = 100
OBSERVED COUNTS (308103)
1	37339861
2	7243092
3	1449135
4	368772
5	147394
6	86612
7	61307
8	47123
9	37194
10	30439
11	25238
12	21494
13	18335
14	15653
15	13798
16	11834
17	10410
18	9093
19	8240
20	7381
21	6710
22	6002
23	5283
24	4888
25	4344
26	4204
27	3751
28	3534
29	3187
30	2924
31	2787
32	2588
33	2352
34	2295
35	2155
36	2049
37	1909
38	1770
39	1551
40	1534
41	1459
42	1411
43	1367
44	1215
45	1164
46	1109
47	1016
48	934
49	910
50	939
51	893
52	795
53	754
54	779
55	704
56	684
57	713
58	624
59	595
60	617
61	531
62	499
63	485
64	480
65	461
66	457
67	454
68	428
69	410
70	385
71	398
72	386
73	355
74	319
75	367
76	329
77	294
78	310
79	301
80	271
81	259
82	249
83	263
84	244
85	229
86	194
87	222
88	197
89	229
90	201
91	179
92	177
93	192
94	178
95	180
96	157
97	159
98	147
99	148
100	140
101	139
102	137
103	130
104	145
105	135
106	146
107	142
108	121
109	117
110	112
111	112
112	108
113	105
114	97
115	104
116	97
117	98
118	98
119	88
120	100
121	79
122	88
123	90
124	79
125	71
126	78
127	70
128	96
129	60
130	69
131	73
132	66
133	62
134	70
135	64
136	75
137	71
138	57
139	54
140	47
141	60
142	46
143	57
144	43
145	58
146	50
147	53
148	47
149	41
150	50
151	27
152	51
153	61
154	46
155	40
156	39
157	38
158	53
159	36
160	43
161	40
162	31
163	35
164	38
165	28
166	36
167	49
168	38
169	29
170	32
171	22
172	30
173	33
174	24
175	33
176	35
177	28
178	27
179	28
180	21
181	20
182	12
183	29
184	26
185	33
186	29
187	23
188	16
189	30
190	23
191	18
192	20
193	17
194	31
195	23
196	23
197	24
198	15
199	15
200	25
201	23
202	26
203	17
204	22
205	14
206	14
207	9
208	17
209	20
210	9
211	18
212	18
213	14
214	19
215	16
216	16
217	15
218	20
219	23
220	24
221	10
222	9
223	11
224	19
225	12
226	11
227	14
228	9
229	18
230	10
231	4
232	11
233	12
234	11
235	11
236	6
237	11
238	9
239	8
240	7
241	9
242	11
243	14
244	4
245	9
246	7
247	9
248	8
249	10
250	10
251	10
252	12
253	10
254	12
255	11
256	8
257	11
258	5
259	10
260	8
261	6
262	8
263	2
264	4
265	2
266	3
267	2
268	8
269	5
270	4
271	5
272	4
273	10
274	7
275	8
276	6
277	8
278	4
279	7
280	3
281	11
282	10
283	6
284	8
285	7
286	6
287	5
288	6
289	8
290	6
291	6
292	3
293	9
294	5
295	2
296	4
297	8
298	5
299	5
300	7
301	4
302	5
303	6
304	4
305	2
306	2
307	4
308	8
309	8
310	3
311	3
312	4
313	3
314	3
315	4
316	4
317	1
318	4
319	2
320	4
321	3
322	7
323	1
324	1
325	8
326	2
327	1
328	4
329	1
331	1
332	5
334	6
335	3
336	2
337	4
338	3
339	9
340	2
341	3
342	5
343	2
344	1
346	1
347	2
348	2
349	6
350	5
351	3
352	1
353	5
354	1
355	1
356	3
357	5
358	2
359	1
360	3
361	6
362	4
363	1
364	2
365	3
366	3
367	1
368	2
369	3
370	5
371	4
372	2
374	2
375	3
376	3
377	1
379	2
380	2
381	3
384	2
385	3
386	3
387	1
389	6
390	1
391	3
392	2
393	5
394	2
395	2
396	3
397	2
400	2
402	4
403	6
404	2
405	2
407	1
408	4
409	4
410	3
411	2
412	2
413	2
414	3
415	1
416	2
417	1
418	1
419	2
420	2
421	2
423	5
424	3
425	1
426	1
427	1
428	2
429	1
430	2
431	1
433	1
434	1
435	2
436	1
437	4
438	2
439	2
441	2
442	3
444	5
445	2
446	1
447	5
448	2
449	1
452	2
453	1
454	2
455	1
457	1
459	1
462	1
464	3
465	2
469	1
470	1
475	2
478	2
479	1
480	1
481	1
482	2
484	1
485	1
488	1
490	1
491	1
494	1
498	1
499	1
500	2
502	2
507	1
508	2
509	2
510	1
511	1
515	3
518	2
519	1
520	1
521	1
523	1
524	2
528	1
529	2
530	1
531	1
537	1
541	1
542	1
543	1
548	3
552	2
553	1
554	1
555	2
563	1
566	1
567	1
568	1
569	1
574	1
576	1
580	1
585	1
586	1
590	1
591	1
596	1
597	1
598	2
600	1
604	1
605	2
608	1
609	1
614	1
615	1
616	1
618	2
619	1
620	1
624	1
626	1
628	1
631	1
636	1
637	2
645	1
646	1
654	1
655	2
662	1
663	1
669	1
675	1
702	1
705	1
718	1
723	1
728	1
736	2
772	1
773	1
780	1
784	1
785	1
786	2
792	1
795	1
801	1
810	1
818	1
823	1
825	1
835	1
842	1
856	1
874	1
891	1
897	1
902	1
910	1
911	1
917	1
918	1
948	1
970	1
971	1
973	1
983	1
985	1
988	1
1005	2
1020	1
1027	1
1037	1
1087	1
1120	1
1185	1
1207	1
1281	1
1338	1
1381	1
1412	1
1426	1
1427	1
1448	1
1516	1
1567	1
1643	1
1728	1
1909	1
2038	1
2258	1
2341	1
2651	1
2821	1
3923	1
9446	1
308102	1

[ESTIMATING YIELD CURVE]
[BOOTSTRAPPING HISTOGRAM]
..._..._....._........................_....._......._......_.._.........__............._........_._..........._...
[COMPUTING CONFIDENCE INTERVALS]
[WRITING OUTPUT]
