PAIRED_END_BAM_INPUT
Processed 1000000 records
Processed 2000000 records
Processed 3000000 records
Processed 4000000 records
Processed 5000000 records
Processed 6000000 records
Processed 7000000 records
Processed 8000000 records
Processed 9000000 records
Processed 10000000 records
Processed 11000000 records
Processed 12000000 records
Processed 13000000 records
Processed 14000000 records
Processed 15000000 records
Processed 16000000 records
Processed 17000000 records
Processed 18000000 records
Processed 19000000 records
Processed 20000000 records
Processed 21000000 records
Processed 22000000 records
Processed 23000000 records
Processed 24000000 records
Processed 25000000 records
Processed 26000000 records
Processed 27000000 records
Processed 28000000 records
Processed 29000000 records
Processed 30000000 records
Processed 31000000 records
Processed 32000000 records
Processed 33000000 records
Processed 34000000 records
Processed 35000000 records
Processed 36000000 records
Processed 37000000 records
Processed 38000000 records
Processed 39000000 records
Processed 40000000 records
Processed 41000000 records
Processed 42000000 records
Processed 43000000 records
Processed 44000000 records
Processed 45000000 records
Processed 46000000 records
Processed 47000000 records
Processed 48000000 records
Processed 49000000 records
Processed 50000000 records
Processed 51000000 records
Processed 52000000 records
Processed 53000000 records
Processed 54000000 records
Processed 55000000 records
Processed 56000000 records
Processed 57000000 records
Processed 58000000 records
Processed 59000000 records
Processed 60000000 records
Processed 61000000 records
Processed 62000000 records
Processed 63000000 records
Processed 64000000 records
Processed 65000000 records
Processed 66000000 records
Processed 67000000 records
Processed 68000000 records
Processed 69000000 records
Processed 70000000 records
Processed 71000000 records
Processed 72000000 records
Processed 73000000 records
Processed 74000000 records
Processed 75000000 records
Processed 76000000 records
Processed 77000000 records
Processed 78000000 records
Processed 79000000 records
Processed 80000000 records
Processed 81000000 records
Processed 82000000 records
Processed 83000000 records
Processed 84000000 records
Processed 85000000 records
Processed 86000000 records
Processed 87000000 records
Processed 88000000 records
Processed 89000000 records
Processed 90000000 records
Processed 91000000 records
Processed 92000000 records
Processed 93000000 records
Processed 94000000 records
Processed 95000000 records
Processed 96000000 records
Processed 97000000 records
Processed 98000000 records
Processed 99000000 records
Processed 100000000 records
Processed 101000000 records
paired = 49673952
unpaired = 1916693
MERGED PAIRED END READS = 49673952
MATES PROCESSED = 101264597
TOTAL READS     = 51590645
DISTINCT READS  = 3.67913e+07
DISTINCT COUNTS = 565
MAX COUNT       = 382658
COUNTS OF 1     = 2.98706e+07
MAX TERMS       = 100
OBSERVED COUNTS (382659)
1	29870635
2	5298975
3	958454
4	225981
5	90973
6	56071
7	40995
8	31568
9	25640
10	20916
11	17671
12	14792
13	12538
14	11012
15	9398
16	8256
17	7304
18	6436
19	5683
20	5055
21	4434
22	4100
23	3681
24	3357
25	3190
26	2799
27	2561
28	2426
29	2194
30	2057
31	1980
32	1761
33	1645
34	1541
35	1482
36	1332
37	1388
38	1225
39	1117
40	1053
41	999
42	928
43	942
44	892
45	835
46	781
47	783
48	667
49	670
50	645
51	634
52	551
53	568
54	570
55	521
56	515
57	482
58	479
59	426
60	453
61	396
62	340
63	375
64	353
65	371
66	374
67	314
68	293
69	301
70	283
71	283
72	255
73	254
74	235
75	246
76	208
77	242
78	200
79	179
80	171
81	189
82	195
83	186
84	192
85	189
86	170
87	158
88	185
89	160
90	135
91	150
92	164
93	119
94	129
95	108
96	153
97	117
98	124
99	124
100	106
101	130
102	104
103	99
104	97
105	114
106	91
107	100
108	111
109	85
110	101
111	79
112	66
113	69
114	87
115	76
116	65
117	65
118	76
119	64
120	80
121	66
122	74
123	68
124	60
125	62
126	61
127	71
128	57
129	55
130	44
131	57
132	43
133	32
134	48
135	52
136	46
137	52
138	45
139	35
140	43
141	46
142	25
143	48
144	43
145	45
146	45
147	31
148	46
149	41
150	30
151	34
152	29
153	25
154	31
155	26
156	22
157	36
158	34
159	32
160	29
161	32
162	31
163	23
164	23
165	24
166	38
167	25
168	21
169	18
170	26
171	18
172	30
173	37
174	25
175	20
176	19
177	23
178	25
179	28
180	22
181	16
182	25
183	16
184	16
185	12
186	18
187	17
188	23
189	17
190	16
191	15
192	20
193	19
194	13
195	17
196	20
197	20
198	11
199	22
200	19
201	9
202	16
203	8
204	11
205	13
206	15
207	17
208	13
209	17
210	13
211	9
212	14
213	12
214	9
215	17
216	7
217	14
218	12
219	12
220	12
221	14
222	12
223	5
224	8
225	9
226	15
227	13
228	8
229	10
230	11
231	15
232	7
233	7
234	4
235	4
236	6
237	10
238	6
239	10
240	4
241	7
242	4
243	5
244	14
245	4
246	6
247	8
248	9
249	7
250	10
251	5
252	4
253	4
254	4
255	5
256	8
257	2
258	1
259	10
260	6
261	6
262	8
263	6
264	6
265	3
266	8
267	6
268	3
269	11
270	9
271	6
272	7
273	5
274	3
275	4
276	2
277	3
278	6
279	2
280	4
281	6
282	5
283	8
284	2
285	5
286	5
287	3
288	4
289	3
290	1
291	9
292	3
293	8
294	5
295	7
296	1
297	2
298	8
299	2
300	2
301	2
302	3
303	6
304	5
305	8
306	6
307	2
308	2
309	7
310	3
311	4
312	3
313	3
314	2
315	3
316	3
317	2
318	3
319	4
320	2
321	2
322	4
323	1
324	1
325	3
326	4
327	3
328	1
329	2
330	3
331	3
332	2
333	3
334	5
335	3
336	1
337	2
338	2
339	1
340	3
341	1
342	4
343	2
344	1
345	3
346	4
347	3
348	5
349	4
351	1
352	2
353	4
354	4
355	1
356	2
357	3
358	2
359	3
360	3
361	2
362	4
363	2
365	1
366	4
368	1
369	1
372	2
373	1
374	2
376	4
377	5
378	2
379	3
380	2
382	1
383	1
384	1
385	2
387	3
388	2
389	1
391	1
392	1
395	3
396	1
397	2
398	2
399	1
400	2
401	1
402	1
403	2
405	3
408	2
409	1
410	1
411	3
413	1
414	1
415	3
416	2
418	3
421	1
422	2
423	1
426	1
429	1
430	2
432	4
433	2
437	1
439	3
441	2
442	4
443	1
449	1
450	2
451	1
453	1
454	2
455	3
458	2
460	2
461	2
462	4
463	1
465	1
466	2
467	2
469	1
470	1
471	1
472	1
475	2
482	2
486	2
487	2
488	2
489	1
492	1
495	1
496	2
497	2
499	1
500	1
512	1
514	1
517	1
519	1
521	1
527	1
529	1
532	2
533	1
534	1
535	1
536	1
537	1
539	2
540	1
541	1
544	1
545	2
553	1
554	1
558	1
561	2
562	1
563	1
565	1
567	1
572	1
573	2
577	1
585	2
586	1
588	1
594	1
596	1
601	1
602	1
605	1
608	2
611	1
614	1
617	1
618	1
630	1
631	1
632	1
634	1
644	2
647	1
649	1
655	1
663	1
664	1
677	1
683	1
692	1
706	1
709	1
710	1
712	1
723	1
742	1
751	1
752	3
759	1
767	1
784	1
793	1
804	1
825	1
826	1
841	1
867	1
877	1
897	1
926	1
929	1
965	1
967	1
968	1
971	1
1006	1
1012	1
1028	1
1044	1
1071	1
1081	1
1094	1
1106	1
1133	1
1151	1
1181	1
1197	1
1205	1
1251	1
1344	1
1611	1
1617	1
1921	1
2021	1
2157	1
2295	1
2449	1
2459	1
2865	1
2936	1
2956	1
3227	1
3264	1
4037	1
4142	1
4390	1
8747	1
9265	1
11199	1
14265	1
14375	1
18225	1
19385	1
79669	1
382658	1

[ESTIMATING YIELD CURVE]
[BOOTSTRAPPING HISTOGRAM]
................._........................_...._....................................._..................
[COMPUTING CONFIDENCE INTERVALS]
[WRITING OUTPUT]
