PAIRED_END_BAM_INPUT
Processed 1000000 records
Processed 2000000 records
Processed 3000000 records
Processed 4000000 records
Processed 5000000 records
Processed 6000000 records
Processed 7000000 records
Processed 8000000 records
Processed 9000000 records
Processed 10000000 records
Processed 11000000 records
Processed 12000000 records
Processed 13000000 records
Processed 14000000 records
Processed 15000000 records
Processed 16000000 records
Processed 17000000 records
Processed 18000000 records
Processed 19000000 records
Processed 20000000 records
Processed 21000000 records
Processed 22000000 records
Processed 23000000 records
Processed 24000000 records
Processed 25000000 records
Processed 26000000 records
Processed 27000000 records
Processed 28000000 records
Processed 29000000 records
Processed 30000000 records
Processed 31000000 records
Processed 32000000 records
Processed 33000000 records
Processed 34000000 records
Processed 35000000 records
Processed 36000000 records
Processed 37000000 records
Processed 38000000 records
Processed 39000000 records
Processed 40000000 records
Processed 41000000 records
Processed 42000000 records
Processed 43000000 records
Processed 44000000 records
Processed 45000000 records
Processed 46000000 records
Processed 47000000 records
Processed 48000000 records
Processed 49000000 records
Processed 50000000 records
Processed 51000000 records
Processed 52000000 records
Processed 53000000 records
Processed 54000000 records
Processed 55000000 records
Processed 56000000 records
Processed 57000000 records
Processed 58000000 records
Processed 59000000 records
Processed 60000000 records
Processed 61000000 records
Processed 62000000 records
Processed 63000000 records
Processed 64000000 records
Processed 65000000 records
Processed 66000000 records
Processed 67000000 records
Processed 68000000 records
Processed 69000000 records
Processed 70000000 records
Processed 71000000 records
Processed 72000000 records
Processed 73000000 records
Processed 74000000 records
Processed 75000000 records
Processed 76000000 records
Processed 77000000 records
Processed 78000000 records
Processed 79000000 records
Processed 80000000 records
Processed 81000000 records
Processed 82000000 records
Processed 83000000 records
Processed 84000000 records
Processed 85000000 records
Processed 86000000 records
Processed 87000000 records
Processed 88000000 records
Processed 89000000 records
Processed 90000000 records
Processed 91000000 records
Processed 92000000 records
Processed 93000000 records
Processed 94000000 records
Processed 95000000 records
Processed 96000000 records
Processed 97000000 records
Processed 98000000 records
Processed 99000000 records
Processed 100000000 records
Processed 101000000 records
Processed 102000000 records
Processed 103000000 records
Processed 104000000 records
Processed 105000000 records
Processed 106000000 records
Processed 107000000 records
Processed 108000000 records
Processed 109000000 records
Processed 110000000 records
Processed 111000000 records
Processed 112000000 records
Processed 113000000 records
Processed 114000000 records
Processed 115000000 records
Processed 116000000 records
Processed 117000000 records
Processed 118000000 records
Processed 119000000 records
Processed 120000000 records
Processed 121000000 records
Processed 122000000 records
Processed 123000000 records
Processed 124000000 records
Processed 125000000 records
Processed 126000000 records
paired = 62208566
unpaired = 1871916
MERGED PAIRED END READS = 62208566
MATES PROCESSED = 126289048
TOTAL READS     = 64080482
DISTINCT READS  = 4.60345e+07
DISTINCT COUNTS = 597
MAX COUNT       = 283400
COUNTS OF 1     = 3.68618e+07
MAX TERMS       = 100
OBSERVED COUNTS (283401)
1	36861773
2	7055504
3	1328279
4	303175
5	109884
6	62505
7	44167
8	33572
9	27043
10	22204
11	18592
12	15670
13	13435
14	11566
15	10167
16	8887
17	7791
18	6829
19	6150
20	5622
21	4941
22	4374
23	3983
24	3791
25	3401
26	3059
27	2913
28	2597
29	2456
30	2228
31	2146
32	1986
33	1889
34	1743
35	1615
36	1512
37	1443
38	1342
39	1245
40	1181
41	1169
42	1067
43	1004
44	970
45	951
46	890
47	837
48	781
49	788
50	707
51	646
52	653
53	622
54	593
55	579
56	587
57	556
58	497
59	525
60	503
61	465
62	413
63	391
64	412
65	398
66	366
67	351
68	342
69	311
70	334
71	342
72	315
73	285
74	292
75	281
76	253
77	266
78	233
79	245
80	222
81	228
82	205
83	203
84	196
85	192
86	188
87	179
88	209
89	171
90	190
91	157
92	168
93	148
94	152
95	153
96	159
97	118
98	148
99	129
100	125
101	126
102	152
103	141
104	113
105	133
106	117
107	94
108	110
109	97
110	99
111	112
112	104
113	85
114	85
115	92
116	81
117	90
118	91
119	96
120	86
121	65
122	76
123	79
124	80
125	83
126	85
127	74
128	76
129	61
130	61
131	54
132	69
133	63
134	59
135	60
136	53
137	48
138	62
139	57
140	60
141	58
142	57
143	41
144	52
145	47
146	54
147	46
148	57
149	50
150	43
151	44
152	26
153	42
154	27
155	42
156	38
157	35
158	38
159	43
160	39
161	26
162	31
163	32
164	23
165	39
166	30
167	31
168	26
169	29
170	26
171	27
172	35
173	30
174	27
175	24
176	32
177	17
178	25
179	27
180	28
181	19
182	17
183	29
184	20
185	25
186	16
187	32
188	21
189	25
190	20
191	19
192	28
193	21
194	24
195	22
196	24
197	17
198	13
199	20
200	19
201	24
202	13
203	20
204	15
205	24
206	19
207	12
208	16
209	24
210	10
211	18
212	16
213	14
214	12
215	15
216	19
217	11
218	15
219	16
220	14
221	15
222	12
223	8
224	6
225	17
226	9
227	15
228	10
229	12
230	15
231	9
232	10
233	10
234	15
235	11
236	10
237	14
238	6
239	11
240	9
241	13
242	9
243	7
244	10
245	11
246	9
247	12
248	7
249	10
250	11
251	16
252	7
253	11
254	13
255	4
256	15
257	6
258	8
259	8
260	7
261	8
262	13
263	4
264	7
265	5
266	5
267	13
268	9
269	6
270	5
271	5
272	7
273	5
274	9
275	10
276	3
277	4
278	6
279	11
280	5
281	10
282	9
283	10
284	12
285	12
286	6
287	8
288	6
289	6
290	8
291	7
292	5
293	2
294	4
295	8
296	2
297	5
298	4
299	4
300	5
301	3
302	8
303	5
304	2
305	1
306	4
307	7
308	6
309	2
310	3
311	3
312	1
313	10
314	6
315	5
316	2
317	8
318	6
319	5
320	4
321	1
322	2
323	2
324	2
325	5
326	2
327	1
328	1
329	5
330	5
331	6
332	2
333	5
334	8
335	4
336	3
337	1
338	2
339	4
340	3
341	7
342	4
343	3
344	5
345	4
346	6
347	1
348	1
349	1
350	3
351	3
352	4
353	2
354	2
355	4
356	2
358	2
359	6
360	3
361	1
362	4
363	3
364	5
365	3
366	4
367	2
368	3
369	3
370	6
371	6
372	2
373	5
374	2
375	4
376	3
377	6
378	1
379	1
380	3
381	3
383	1
384	3
386	3
388	3
389	2
390	2
391	4
392	2
394	1
395	3
396	3
397	3
398	3
399	1
400	3
401	5
402	2
403	2
404	2
405	3
406	4
407	3
408	3
409	1
410	1
411	1
413	2
415	1
417	2
418	1
419	2
422	4
423	2
424	1
425	2
427	1
428	2
429	1
430	1
431	1
432	4
433	4
435	1
437	2
438	1
439	1
440	1
441	1
443	2
444	4
447	2
449	1
450	2
451	2
452	3
453	1
454	2
455	2
456	1
458	1
460	2
461	1
462	3
463	1
465	1
466	1
467	3
468	1
469	1
470	1
471	1
472	2
473	2
474	1
475	1
476	1
477	1
478	1
480	2
482	1
483	2
487	3
489	2
490	1
491	2
492	2
493	1
494	1
496	1
499	3
500	1
501	3
502	2
505	1
506	1
507	2
508	2
509	3
512	1
513	2
521	1
522	3
524	1
525	1
527	1
528	1
529	3
531	1
536	1
537	2
539	1
540	3
541	1
542	1
543	1
545	1
546	1
547	1
549	2
551	2
552	1
554	1
555	2
557	1
559	2
564	2
569	1
570	1
571	1
574	1
577	1
579	1
581	1
587	1
591	2
594	1
597	1
603	1
614	1
616	1
618	1
620	1
624	2
625	1
627	1
628	2
630	2
632	2
638	2
639	1
640	1
645	1
646	1
655	1
656	1
667	1
671	1
678	1
679	1
682	1
683	1
685	2
690	1
702	2
704	1
706	1
708	1
713	1
716	1
727	1
728	1
734	1
744	1
748	1
753	1
761	2
787	1
815	1
824	1
826	1
851	1
857	1
863	2
910	1
925	1
927	1
932	1
949	1
956	1
966	1
974	1
1009	1
1011	1
1037	1
1040	1
1042	1
1063	1
1100	1
1148	1
1149	1
1155	1
1178	1
1194	1
1235	1
1284	1
1289	1
1452	1
1470	1
1710	1
1747	1
1864	1
2035	1
2108	1
3692	1
4444	1
12906	1
283400	1

[ESTIMATING YIELD CURVE]
[BOOTSTRAPPING HISTOGRAM]
...._._.._...._......._..._......_......._............_...._.._._..._........_...._.._..........._.....__...__...........
[COMPUTING CONFIDENCE INTERVALS]
[WRITING OUTPUT]
