PAIRED_END_BAM_INPUT
Processed 1000000 records
Processed 2000000 records
Processed 3000000 records
Processed 4000000 records
Processed 5000000 records
Processed 6000000 records
Processed 7000000 records
Processed 8000000 records
Processed 9000000 records
Processed 10000000 records
Processed 11000000 records
Processed 12000000 records
Processed 13000000 records
Processed 14000000 records
Processed 15000000 records
Processed 16000000 records
Processed 17000000 records
Processed 18000000 records
Processed 19000000 records
Processed 20000000 records
Processed 21000000 records
Processed 22000000 records
Processed 23000000 records
Processed 24000000 records
Processed 25000000 records
Processed 26000000 records
Processed 27000000 records
Processed 28000000 records
Processed 29000000 records
Processed 30000000 records
Processed 31000000 records
Processed 32000000 records
Processed 33000000 records
Processed 34000000 records
Processed 35000000 records
Processed 36000000 records
Processed 37000000 records
Processed 38000000 records
Processed 39000000 records
Processed 40000000 records
Processed 41000000 records
Processed 42000000 records
Processed 43000000 records
Processed 44000000 records
Processed 45000000 records
Processed 46000000 records
Processed 47000000 records
Processed 48000000 records
Processed 49000000 records
Processed 50000000 records
Processed 51000000 records
Processed 52000000 records
Processed 53000000 records
Processed 54000000 records
Processed 55000000 records
Processed 56000000 records
Processed 57000000 records
Processed 58000000 records
Processed 59000000 records
Processed 60000000 records
Processed 61000000 records
Processed 62000000 records
Processed 63000000 records
Processed 64000000 records
Processed 65000000 records
Processed 66000000 records
Processed 67000000 records
Processed 68000000 records
Processed 69000000 records
Processed 70000000 records
Processed 71000000 records
Processed 72000000 records
Processed 73000000 records
Processed 74000000 records
Processed 75000000 records
Processed 76000000 records
Processed 77000000 records
Processed 78000000 records
Processed 79000000 records
Processed 80000000 records
Processed 81000000 records
Processed 82000000 records
Processed 83000000 records
Processed 84000000 records
Processed 85000000 records
Processed 86000000 records
Processed 87000000 records
Processed 88000000 records
Processed 89000000 records
Processed 90000000 records
Processed 91000000 records
Processed 92000000 records
Processed 93000000 records
Processed 94000000 records
Processed 95000000 records
Processed 96000000 records
Processed 97000000 records
Processed 98000000 records
Processed 99000000 records
Processed 100000000 records
Processed 101000000 records
Processed 102000000 records
Processed 103000000 records
Processed 104000000 records
Processed 105000000 records
Processed 106000000 records
Processed 107000000 records
Processed 108000000 records
Processed 109000000 records
Processed 110000000 records
Processed 111000000 records
Processed 112000000 records
Processed 113000000 records
Processed 114000000 records
Processed 115000000 records
Processed 116000000 records
Processed 117000000 records
Processed 118000000 records
Processed 119000000 records
Processed 120000000 records
Processed 121000000 records
Processed 122000000 records
Processed 123000000 records
Processed 124000000 records
Processed 125000000 records
Processed 126000000 records
Processed 127000000 records
Processed 128000000 records
Processed 129000000 records
Processed 130000000 records
paired = 64749502
unpaired = 1316722
MERGED PAIRED END READS = 64749502
MATES PROCESSED = 130815726
TOTAL READS     = 66066224
DISTINCT READS  = 4.14614e+07
DISTINCT COUNTS = 971
MAX COUNT       = 101119
COUNTS OF 1     = 3.30572e+07
MAX TERMS       = 100
OBSERVED COUNTS (101120)
1	33057172
2	6229512
3	1174138
4	293769
5	123773
6	77834
7	58038
8	45936
9	37366
10	31170
11	26600
12	22611
13	19916
14	17143
15	15248
16	13652
17	12276
18	11139
19	10145
20	9070
21	8539
22	7624
23	7183
24	6639
25	6102
26	5770
27	5320
28	4878
29	4715
30	4391
31	4142
32	3742
33	3657
34	3480
35	3203
36	3159
37	2926
38	2745
39	2708
40	2418
41	2443
42	2371
43	2117
44	2111
45	1996
46	1872
47	1799
48	1778
49	1634
50	1659
51	1513
52	1435
53	1423
54	1421
55	1340
56	1321
57	1188
58	1174
59	1167
60	1074
61	1055
62	1090
63	1039
64	931
65	928
66	898
67	881
68	836
69	858
70	782
71	763
72	762
73	739
74	688
75	687
76	679
77	627
78	626
79	623
80	630
81	554
82	578
83	535
84	523
85	552
86	493
87	502
88	482
89	459
90	452
91	450
92	446
93	431
94	405
95	406
96	381
97	394
98	413
99	369
100	405
101	352
102	367
103	323
104	340
105	318
106	318
107	297
108	308
109	305
110	268
111	292
112	273
113	306
114	279
115	253
116	271
117	291
118	232
119	238
120	224
121	200
122	224
123	255
124	228
125	226
126	211
127	200
128	190
129	226
130	201
131	185
132	184
133	186
134	209
135	165
136	169
137	178
138	162
139	154
140	161
141	165
142	162
143	148
144	143
145	153
146	183
147	141
148	164
149	138
150	150
151	137
152	124
153	130
154	116
155	110
156	137
157	122
158	137
159	117
160	127
161	129
162	139
163	101
164	102
165	112
166	124
167	103
168	108
169	121
170	90
171	98
172	114
173	87
174	116
175	97
176	96
177	79
178	96
179	92
180	88
181	75
182	100
183	87
184	90
185	83
186	97
187	90
188	75
189	77
190	71
191	83
192	81
193	81
194	70
195	80
196	69
197	81
198	64
199	65
200	81
201	70
202	73
203	77
204	52
205	54
206	61
207	51
208	72
209	77
210	53
211	49
212	47
213	48
214	48
215	52
216	55
217	53
218	52
219	39
220	55
221	58
222	50
223	42
224	65
225	52
226	41
227	42
228	52
229	49
230	41
231	55
232	48
233	37
234	40
235	41
236	50
237	42
238	43
239	48
240	46
241	31
242	49
243	51
244	55
245	38
246	44
247	39
248	39
249	36
250	43
251	38
252	37
253	32
254	43
255	39
256	32
257	32
258	33
259	29
260	29
261	32
262	40
263	31
264	43
265	35
266	28
267	32
268	25
269	34
270	36
271	26
272	32
273	36
274	23
275	24
276	23
277	25
278	30
279	31
280	24
281	39
282	21
283	27
284	33
285	21
286	33
287	39
288	19
289	18
290	20
291	28
292	20
293	28
294	28
295	24
296	24
297	18
298	23
299	23
300	16
301	21
302	26
303	26
304	25
305	18
306	23
307	20
308	16
309	24
310	27
311	25
312	15
313	19
314	15
315	19
316	23
317	17
318	21
319	19
320	23
321	19
322	18
323	13
324	13
325	20
326	20
327	25
328	15
329	19
330	19
331	15
332	15
333	23
334	14
335	18
336	16
337	17
338	14
339	17
340	11
341	14
342	20
343	11
344	16
345	8
346	16
347	16
348	10
349	18
350	14
351	15
352	8
353	15
354	22
355	12
356	13
357	15
358	13
359	17
360	8
361	10
362	22
363	12
364	10
365	18
366	11
367	11
368	10
369	13
370	15
371	14
372	17
373	13
374	13
375	7
376	11
377	18
378	18
379	5
380	8
381	7
382	12
383	13
384	10
385	10
386	9
387	15
388	14
389	12
390	9
391	5
392	7
393	13
394	8
395	7
396	12
397	11
398	5
399	9
400	11
401	8
402	13
403	9
404	8
405	17
406	14
407	9
408	8
409	5
410	6
411	5
412	8
413	8
414	8
415	7
416	9
417	11
418	8
419	8
420	11
421	7
422	5
423	7
424	9
425	7
426	8
427	6
428	12
429	8
430	7
431	12
432	5
433	12
434	7
435	11
436	8
437	13
438	3
439	6
440	6
441	9
442	8
443	5
444	7
445	5
446	4
447	5
448	7
449	6
450	6
451	12
452	17
453	6
454	8
455	5
456	7
457	2
458	6
459	5
460	3
461	2
462	4
463	7
464	6
465	11
466	5
467	3
468	7
469	6
470	6
471	8
472	7
473	5
474	4
475	3
476	6
477	3
478	3
479	4
480	5
481	6
482	3
483	3
484	12
485	4
486	4
487	4
488	6
489	5
490	7
491	6
492	8
493	5
494	4
495	4
496	9
497	5
498	6
499	6
500	5
501	3
502	5
503	6
504	3
505	2
506	5
507	4
508	3
509	3
510	7
511	1
512	4
513	1
514	6
515	2
516	2
517	7
518	5
519	4
520	2
521	2
522	7
523	3
524	1
525	6
526	6
527	3
528	1
529	8
530	3
531	5
532	7
533	4
534	6
535	4
536	2
537	3
538	1
539	2
540	6
541	3
542	3
543	1
544	2
545	3
546	4
547	6
548	1
550	5
551	6
552	2
553	3
554	1
555	2
556	3
557	5
558	4
559	4
560	1
561	8
562	2
563	3
564	3
565	2
566	5
567	3
568	5
570	3
571	2
572	3
573	6
574	7
575	2
576	4
577	2
578	3
579	4
580	2
581	2
582	2
583	4
584	3
585	5
586	3
587	1
588	3
589	2
590	4
591	2
592	1
593	2
594	4
595	4
596	1
597	2
598	5
599	4
601	3
603	2
604	3
605	3
606	2
607	2
608	2
609	3
610	3
611	5
612	2
613	1
614	3
615	1
616	2
617	1
618	2
619	1
620	2
621	4
623	1
624	6
625	5
626	2
627	1
629	3
630	4
631	1
632	3
633	1
634	4
635	1
636	2
637	4
638	4
639	2
640	4
641	5
642	6
643	4
644	1
645	3
646	3
648	2
649	2
650	1
652	2
653	2
654	3
655	2
656	2
658	1
660	1
661	1
662	2
664	1
666	4
667	2
668	1
669	1
670	2
671	1
672	4
673	2
674	3
675	3
676	1
677	2
678	3
680	4
683	1
684	1
685	1
687	5
689	2
690	2
691	2
692	3
693	4
695	2
697	1
698	2
699	2
700	1
702	2
703	3
704	3
705	1
707	1
708	3
709	1
710	3
712	6
713	1
714	3
715	2
717	1
718	2
720	1
721	1
722	1
723	1
724	1
726	2
728	1
730	2
731	2
732	3
733	1
735	4
736	2
737	3
738	1
740	2
742	1
743	3
745	2
746	1
747	1
748	1
753	1
754	1
756	1
757	4
758	2
759	1
762	1
763	1
765	1
766	1
767	1
768	1
769	2
770	1
773	1
774	2
775	2
776	2
777	1
778	2
779	2
781	5
782	1
784	2
787	3
788	2
789	1
790	3
791	1
792	1
794	1
795	1
796	1
797	2
798	1
801	1
802	1
803	1
806	1
807	1
808	2
809	2
812	2
813	2
814	2
815	2
817	2
818	1
821	2
824	4
825	1
826	5
828	1
830	2
831	3
833	1
834	1
836	1
837	1
838	1
839	2
845	2
847	2
852	2
853	1
854	2
855	3
856	1
857	1
858	1
859	1
863	1
866	2
868	1
869	1
870	1
871	2
872	1
873	2
874	2
876	1
877	1
878	1
879	1
882	1
883	3
885	2
889	1
893	1
894	1
897	1
900	1
906	1
908	1
909	2
910	1
912	2
913	1
914	1
918	2
924	1
925	1
927	4
928	1
929	2
930	1
932	2
933	1
934	1
935	1
939	1
940	2
943	2
944	4
950	2
952	2
953	1
955	1
957	1
961	2
962	1
966	1
968	1
969	1
971	1
972	1
977	1
978	1
980	1
981	1
989	2
990	1
991	1
992	1
994	1
997	1
998	1
1000	1
1004	1
1007	1
1010	1
1012	1
1017	1
1024	1
1026	1
1033	2
1037	1
1038	1
1048	2
1052	1
1055	1
1056	1
1057	1
1073	2
1079	1
1081	1
1089	1
1093	1
1095	1
1096	1
1101	1
1105	1
1108	1
1111	2
1112	1
1118	1
1120	2
1125	1
1128	1
1130	1
1140	3
1142	1
1144	1
1146	1
1149	1
1151	1
1158	1
1164	2
1166	1
1167	1
1171	1
1173	1
1176	1
1177	1
1188	1
1189	1
1200	1
1203	1
1205	1
1214	1
1216	1
1227	1
1230	1
1232	1
1248	1
1271	2
1272	1
1273	2
1286	1
1288	1
1292	1
1297	2
1302	2
1306	1
1307	1
1340	1
1341	1
1346	1
1349	1
1353	1
1359	1
1364	1
1366	1
1381	1
1386	1
1401	1
1408	1
1426	1
1441	1
1469	1
1490	1
1505	1
1540	1
1556	1
1558	1
1584	1
1585	1
1704	1
1705	1
1714	1
1723	1
1735	1
1758	1
1804	1
1820	1
1821	1
1823	1
1923	1
1976	1
2045	1
2132	1
2228	1
2244	1
2250	1
2412	1
2502	1
2589	1
2733	1
2853	1
3081	1
4167	1
4820	1
5722	1
101119	1

[ESTIMATING YIELD CURVE]
[BOOTSTRAPPING HISTOGRAM]
._...__._............._.._.._.._..._._.....___.........._.._..._..._......_.__..._._.............._......................_..
[COMPUTING CONFIDENCE INTERVALS]
[WRITING OUTPUT]
