PAIRED_END_BAM_INPUT
Processed 1000000 records
Processed 2000000 records
Processed 3000000 records
Processed 4000000 records
Processed 5000000 records
Processed 6000000 records
Processed 7000000 records
Processed 8000000 records
Processed 9000000 records
Processed 10000000 records
Processed 11000000 records
Processed 12000000 records
Processed 13000000 records
Processed 14000000 records
Processed 15000000 records
Processed 16000000 records
Processed 17000000 records
Processed 18000000 records
Processed 19000000 records
Processed 20000000 records
Processed 21000000 records
Processed 22000000 records
Processed 23000000 records
Processed 24000000 records
Processed 25000000 records
Processed 26000000 records
Processed 27000000 records
Processed 28000000 records
Processed 29000000 records
Processed 30000000 records
Processed 31000000 records
Processed 32000000 records
Processed 33000000 records
Processed 34000000 records
Processed 35000000 records
Processed 36000000 records
Processed 37000000 records
Processed 38000000 records
Processed 39000000 records
Processed 40000000 records
Processed 41000000 records
Processed 42000000 records
Processed 43000000 records
Processed 44000000 records
Processed 45000000 records
Processed 46000000 records
Processed 47000000 records
Processed 48000000 records
Processed 49000000 records
Processed 50000000 records
Processed 51000000 records
Processed 52000000 records
Processed 53000000 records
Processed 54000000 records
Processed 55000000 records
Processed 56000000 records
Processed 57000000 records
Processed 58000000 records
Processed 59000000 records
Processed 60000000 records
Processed 61000000 records
Processed 62000000 records
Processed 63000000 records
Processed 64000000 records
Processed 65000000 records
Processed 66000000 records
Processed 67000000 records
Processed 68000000 records
Processed 69000000 records
Processed 70000000 records
Processed 71000000 records
Processed 72000000 records
paired = 35592727
unpaired = 1037317
MERGED PAIRED END READS = 35592727
MATES PROCESSED = 72222771
TOTAL READS     = 36630044
DISTINCT READS  = 2.68366e+07
DISTINCT COUNTS = 411
MAX COUNT       = 186200
COUNTS OF 1     = 2.21438e+07
MAX TERMS       = 100
OBSERVED COUNTS (186201)
1	22143796
2	3546849
3	634915
4	166310
5	75527
6	48182
7	34740
8	26844
9	20617
10	16761
11	13784
12	11476
13	9666
14	8082
15	7018
16	6089
17	5306
18	4603
19	4233
20	3732
21	3203
22	2927
23	2643
24	2434
25	2243
26	2129
27	1845
28	1756
29	1583
30	1430
31	1380
32	1261
33	1171
34	1093
35	981
36	958
37	898
38	803
39	749
40	728
41	660
42	671
43	617
44	565
45	549
46	525
47	474
48	459
49	414
50	399
51	373
52	373
53	340
54	374
55	283
56	294
57	261
58	251
59	255
60	260
61	236
62	229
63	206
64	245
65	218
66	219
67	189
68	173
69	151
70	149
71	181
72	141
73	142
74	124
75	130
76	132
77	111
78	119
79	120
80	117
81	105
82	112
83	92
84	92
85	95
86	83
87	85
88	78
89	72
90	70
91	73
92	77
93	70
94	79
95	62
96	65
97	75
98	62
99	52
100	69
101	53
102	64
103	50
104	53
105	41
106	51
107	56
108	42
109	58
110	35
111	55
112	47
113	45
114	57
115	47
116	32
117	27
118	44
119	35
120	41
121	29
122	31
123	37
124	28
125	23
126	36
127	27
128	21
129	30
130	15
131	27
132	33
133	25
134	15
135	23
136	26
137	29
138	24
139	25
140	14
141	17
142	15
143	14
144	20
145	11
146	11
147	15
148	15
149	15
150	14
151	6
152	24
153	10
154	18
155	17
156	14
157	12
158	16
159	13
160	13
161	13
162	8
163	10
164	16
165	7
166	12
167	10
168	12
169	10
170	9
171	12
172	9
173	8
174	9
175	12
176	9
177	8
178	6
179	10
180	9
181	11
182	12
183	5
184	7
185	12
186	15
187	10
188	9
189	8
190	7
191	7
192	11
193	5
194	4
195	6
196	6
197	5
198	5
199	5
200	3
201	8
202	7
203	5
204	2
205	2
206	7
207	3
208	2
209	10
210	2
211	4
212	7
213	6
214	9
215	9
217	3
218	3
219	4
220	2
221	2
222	1
223	5
224	4
225	5
226	5
227	5
228	1
229	3
230	4
231	4
232	3
233	1
234	5
235	2
236	3
238	5
239	2
240	1
241	4
243	4
244	3
245	1
246	5
247	1
248	2
249	1
250	3
251	1
252	2
253	1
254	4
255	5
256	2
257	2
258	2
259	3
260	2
261	4
264	2
265	2
266	2
268	1
269	6
270	1
271	1
273	2
274	5
275	3
276	2
277	3
278	3
279	1
280	2
281	4
283	1
284	1
285	2
286	3
287	4
288	1
290	1
291	1
292	3
293	2
294	3
296	2
297	2
298	4
299	1
301	1
302	2
303	1
304	2
307	2
308	3
309	4
310	1
311	1
312	2
314	1
316	1
317	1
319	1
320	1
321	1
322	2
323	2
324	3
326	1
327	1
328	2
330	1
335	1
336	3
337	1
339	2
341	1
344	1
345	2
346	2
347	2
348	1
349	1
350	1
351	2
352	1
356	2
359	1
361	2
364	1
367	1
368	2
371	2
374	1
378	1
381	1
383	1
384	2
386	1
388	2
392	1
396	1
399	1
400	1
402	1
404	1
405	1
411	2
416	2
417	1
426	1
433	1
435	1
440	1
443	2
445	1
447	1
451	3
452	1
454	1
455	1
458	1
460	1
466	1
469	1
470	1
472	1
473	1
477	1
489	1
491	1
497	1
501	1
514	2
521	1
524	1
527	1
532	1
542	1
556	1
557	1
565	1
572	1
579	1
591	1
594	1
599	1
602	1
604	1
607	1
616	1
617	1
650	1
659	1
691	1
755	1
759	1
796	1
826	1
866	1
874	1
885	1
988	1
996	1
1007	1
1129	1
1183	1
1581	1
1821	2
4561	1
186200	1

[ESTIMATING YIELD CURVE]
[BOOTSTRAPPING HISTOGRAM]
......._......._....._......_...._...._......_.......__.....__....._........._____...__..._..............__..._....._.......
[COMPUTING CONFIDENCE INTERVALS]
[WRITING OUTPUT]
