PAIRED_END_BAM_INPUT
Processed 1000000 records
Processed 2000000 records
Processed 3000000 records
Processed 4000000 records
Processed 5000000 records
Processed 6000000 records
Processed 7000000 records
Processed 8000000 records
Processed 9000000 records
Processed 10000000 records
Processed 11000000 records
Processed 12000000 records
Processed 13000000 records
Processed 14000000 records
Processed 15000000 records
Processed 16000000 records
Processed 17000000 records
Processed 18000000 records
Processed 19000000 records
Processed 20000000 records
Processed 21000000 records
Processed 22000000 records
Processed 23000000 records
Processed 24000000 records
Processed 25000000 records
Processed 26000000 records
Processed 27000000 records
Processed 28000000 records
Processed 29000000 records
Processed 30000000 records
Processed 31000000 records
Processed 32000000 records
Processed 33000000 records
Processed 34000000 records
Processed 35000000 records
Processed 36000000 records
Processed 37000000 records
Processed 38000000 records
Processed 39000000 records
Processed 40000000 records
Processed 41000000 records
Processed 42000000 records
Processed 43000000 records
Processed 44000000 records
Processed 45000000 records
Processed 46000000 records
Processed 47000000 records
Processed 48000000 records
Processed 49000000 records
Processed 50000000 records
Processed 51000000 records
Processed 52000000 records
Processed 53000000 records
Processed 54000000 records
Processed 55000000 records
Processed 56000000 records
Processed 57000000 records
Processed 58000000 records
Processed 59000000 records
Processed 60000000 records
Processed 61000000 records
Processed 62000000 records
Processed 63000000 records
Processed 64000000 records
Processed 65000000 records
Processed 66000000 records
Processed 67000000 records
Processed 68000000 records
Processed 69000000 records
Processed 70000000 records
Processed 71000000 records
Processed 72000000 records
Processed 73000000 records
Processed 74000000 records
Processed 75000000 records
Processed 76000000 records
Processed 77000000 records
Processed 78000000 records
Processed 79000000 records
Processed 80000000 records
Processed 81000000 records
Processed 82000000 records
Processed 83000000 records
Processed 84000000 records
Processed 85000000 records
Processed 86000000 records
paired = 42787901
unpaired = 1251158
MERGED PAIRED END READS = 42787901
MATES PROCESSED = 86826960
TOTAL READS     = 44039059
DISTINCT READS  = 3.27777e+07
DISTINCT COUNTS = 435
MAX COUNT       = 109319
COUNTS OF 1     = 2.67844e+07
MAX TERMS       = 100
OBSERVED COUNTS (109320)
1	26784385
2	4627130
3	829263
4	194765
5	77957
6	46920
7	33722
8	26346
9	20809
10	16499
11	13911
12	11074
13	9517
14	8077
15	6903
16	5935
17	5211
18	4531
19	4204
20	3645
21	3064
22	2847
23	2592
24	2439
25	2139
26	1887
27	1787
28	1650
29	1493
30	1418
31	1229
32	1239
33	1121
34	983
35	1011
36	893
37	854
38	808
39	759
40	694
41	681
42	609
43	600
44	551
45	497
46	479
47	497
48	429
49	447
50	417
51	399
52	350
53	347
54	309
55	306
56	309
57	274
58	260
59	296
60	233
61	240
62	223
63	237
64	206
65	204
66	181
67	186
68	180
69	140
70	166
71	147
72	145
73	146
74	173
75	144
76	126
77	129
78	122
79	133
80	96
81	123
82	105
83	100
84	104
85	91
86	104
87	100
88	97
89	91
90	71
91	78
92	90
93	97
94	71
95	65
96	67
97	63
98	71
99	56
100	66
101	61
102	58
103	61
104	62
105	56
106	58
107	52
108	38
109	36
110	41
111	43
112	30
113	48
114	35
115	43
116	43
117	28
118	33
119	41
120	55
121	28
122	28
123	27
124	37
125	25
126	36
127	36
128	27
129	28
130	19
131	29
132	25
133	29
134	22
135	26
136	23
137	22
138	19
139	20
140	22
141	20
142	18
143	27
144	16
145	13
146	24
147	17
148	19
149	13
150	17
151	18
152	21
153	16
154	16
155	11
156	22
157	14
158	8
159	14
160	7
161	11
162	13
163	8
164	12
165	15
166	13
167	12
168	3
169	12
170	16
171	13
172	13
173	12
174	19
175	12
176	12
177	7
178	12
179	10
180	14
181	10
182	5
183	12
184	6
185	5
186	3
187	4
188	5
189	6
190	11
191	8
192	13
193	5
194	8
195	5
196	7
197	5
198	3
199	3
200	7
201	6
202	6
203	6
204	2
205	7
206	4
207	4
208	5
209	7
210	5
211	5
212	4
213	11
214	6
215	4
216	1
217	2
218	5
219	5
220	6
221	6
222	4
223	3
224	9
225	4
226	2
227	2
228	2
229	1
230	2
231	2
232	3
233	4
234	5
235	4
237	3
238	2
239	5
240	5
241	3
242	4
243	2
245	2
246	2
247	3
248	5
249	2
250	2
251	2
252	4
253	3
254	1
255	4
256	1
257	4
258	2
259	2
260	1
261	1
262	1
263	2
264	5
265	3
266	2
267	2
268	4
269	1
270	2
271	2
272	2
273	1
274	4
276	3
277	2
278	3
279	2
280	1
281	4
283	2
284	3
286	2
287	3
288	4
289	3
290	1
291	2
292	2
293	1
294	2
296	2
297	1
299	2
300	2
301	2
302	1
304	2
305	1
307	1
308	2
309	2
310	1
314	2
315	2
316	1
317	2
319	2
320	2
321	1
322	1
325	3
326	1
327	1
329	1
330	1
331	3
332	1
333	1
335	1
336	1
337	1
338	1
339	2
340	1
342	2
343	1
345	1
346	1
347	2
349	3
351	2
352	2
353	1
357	3
359	2
360	3
361	1
362	2
364	1
365	1
366	2
367	1
370	1
371	1
373	1
374	1
375	1
376	3
377	1
381	1
382	1
383	1
384	1
385	1
386	2
387	1
390	1
393	1
397	1
399	1
400	2
402	1
404	1
405	1
406	1
409	1
410	1
415	3
416	1
422	1
423	1
429	1
431	1
434	1
445	1
447	2
452	1
457	1
462	1
463	1
469	1
472	1
483	1
484	1
500	1
501	2
502	1
509	1
515	1
518	1
524	1
538	1
544	1
554	1
572	1
573	1
582	1
589	1
600	1
602	1
609	1
618	1
623	1
636	2
641	1
642	1
644	1
676	1
688	1
699	1
701	1
702	1
727	1
729	1
748	1
763	1
789	1
790	1
795	1
895	1
909	1
913	1
944	1
1054	1
1175	1
1243	1
1588	1
1640	1
1775	1
2254	1
2340	1
2347	1
2638	1
3047	1
9848	1
109319	1

[ESTIMATING YIELD CURVE]
[BOOTSTRAPPING HISTOGRAM]
.............................................................._......................................
[COMPUTING CONFIDENCE INTERVALS]
[WRITING OUTPUT]
