PAIRED_END_BAM_INPUT
Processed 1000000 records
Processed 2000000 records
Processed 3000000 records
Processed 4000000 records
Processed 5000000 records
Processed 6000000 records
Processed 7000000 records
Processed 8000000 records
Processed 9000000 records
Processed 10000000 records
Processed 11000000 records
Processed 12000000 records
Processed 13000000 records
Processed 14000000 records
Processed 15000000 records
Processed 16000000 records
Processed 17000000 records
Processed 18000000 records
Processed 19000000 records
Processed 20000000 records
Processed 21000000 records
Processed 22000000 records
Processed 23000000 records
Processed 24000000 records
Processed 25000000 records
Processed 26000000 records
Processed 27000000 records
Processed 28000000 records
Processed 29000000 records
Processed 30000000 records
Processed 31000000 records
Processed 32000000 records
Processed 33000000 records
Processed 34000000 records
Processed 35000000 records
Processed 36000000 records
Processed 37000000 records
Processed 38000000 records
Processed 39000000 records
Processed 40000000 records
Processed 41000000 records
Processed 42000000 records
Processed 43000000 records
Processed 44000000 records
Processed 45000000 records
Processed 46000000 records
Processed 47000000 records
Processed 48000000 records
Processed 49000000 records
Processed 50000000 records
Processed 51000000 records
Processed 52000000 records
Processed 53000000 records
Processed 54000000 records
Processed 55000000 records
Processed 56000000 records
Processed 57000000 records
Processed 58000000 records
Processed 59000000 records
Processed 60000000 records
Processed 61000000 records
Processed 62000000 records
Processed 63000000 records
Processed 64000000 records
Processed 65000000 records
Processed 66000000 records
Processed 67000000 records
Processed 68000000 records
Processed 69000000 records
Processed 70000000 records
Processed 71000000 records
Processed 72000000 records
Processed 73000000 records
Processed 74000000 records
Processed 75000000 records
Processed 76000000 records
Processed 77000000 records
Processed 78000000 records
Processed 79000000 records
Processed 80000000 records
Processed 81000000 records
Processed 82000000 records
Processed 83000000 records
Processed 84000000 records
Processed 85000000 records
Processed 86000000 records
Processed 87000000 records
Processed 88000000 records
Processed 89000000 records
Processed 90000000 records
Processed 91000000 records
Processed 92000000 records
Processed 93000000 records
Processed 94000000 records
Processed 95000000 records
Processed 96000000 records
Processed 97000000 records
Processed 98000000 records
Processed 99000000 records
Processed 100000000 records
Processed 101000000 records
Processed 102000000 records
Processed 103000000 records
Processed 104000000 records
Processed 105000000 records
Processed 106000000 records
Processed 107000000 records
Processed 108000000 records
Processed 109000000 records
Processed 110000000 records
Processed 111000000 records
Processed 112000000 records
Processed 113000000 records
Processed 114000000 records
Processed 115000000 records
Processed 116000000 records
Processed 117000000 records
Processed 118000000 records
Processed 119000000 records
paired = 58853445
unpaired = 2141863
MERGED PAIRED END READS = 58853445
MATES PROCESSED = 119848753
TOTAL READS     = 60995308
DISTINCT READS  = 3.69406e+07
DISTINCT COUNTS = 949
MAX COUNT       = 492479
COUNTS OF 1     = 2.91737e+07
MAX TERMS       = 100
OBSERVED COUNTS (492480)
1	29173697
2	5625314
3	1123554
4	294966
5	127132
6	80366
7	59721
8	47048
9	38561
10	32559
11	27573
12	23825
13	20746
14	18666
15	16336
16	14492
17	12904
18	11789
19	10520
20	9503
21	8873
22	8167
23	7428
24	6848
25	6336
26	5936
27	5244
28	4918
29	4649
30	4367
31	4175
32	3801
33	3711
34	3367
35	3220
36	3076
37	2821
38	2641
39	2603
40	2402
41	2382
42	2154
43	2121
44	2032
45	1911
46	1903
47	1726
48	1733
49	1623
50	1506
51	1542
52	1415
53	1320
54	1370
55	1258
56	1268
57	1159
58	1155
59	1149
60	1128
61	1029
62	959
63	946
64	876
65	913
66	875
67	819
68	802
69	780
70	749
71	757
72	665
73	686
74	650
75	658
76	622
77	600
78	599
79	603
80	574
81	550
82	546
83	501
84	480
85	484
86	492
87	483
88	481
89	443
90	429
91	422
92	373
93	367
94	380
95	386
96	372
97	342
98	361
99	340
100	327
101	314
102	322
103	330
104	302
105	295
106	300
107	276
108	294
109	311
110	260
111	272
112	263
113	284
114	229
115	245
116	235
117	267
118	217
119	246
120	230
121	224
122	205
123	192
124	211
125	206
126	184
127	210
128	179
129	194
130	218
131	166
132	181
133	183
134	168
135	165
136	155
137	152
138	141
139	154
140	137
141	152
142	132
143	155
144	147
145	146
146	124
147	114
148	133
149	129
150	126
151	150
152	109
153	114
154	127
155	108
156	113
157	117
158	94
159	119
160	116
161	112
162	120
163	118
164	98
165	113
166	95
167	92
168	93
169	92
170	83
171	110
172	84
173	87
174	95
175	88
176	74
177	66
178	95
179	69
180	66
181	80
182	72
183	73
184	67
185	79
186	80
187	58
188	79
189	56
190	68
191	77
192	59
193	75
194	68
195	62
196	64
197	74
198	64
199	62
200	64
201	58
202	60
203	76
204	57
205	46
206	45
207	47
208	57
209	62
210	60
211	51
212	70
213	48
214	48
215	54
216	49
217	54
218	46
219	54
220	46
221	40
222	35
223	53
224	31
225	47
226	48
227	41
228	60
229	34
230	52
231	47
232	41
233	39
234	48
235	37
236	37
237	35
238	47
239	31
240	35
241	34
242	45
243	50
244	37
245	33
246	47
247	42
248	30
249	35
250	39
251	23
252	35
253	29
254	34
255	35
256	27
257	23
258	29
259	26
260	19
261	28
262	19
263	28
264	33
265	27
266	36
267	30
268	26
269	31
270	25
271	37
272	22
273	18
274	27
275	30
276	20
277	15
278	19
279	25
280	26
281	31
282	20
283	18
284	24
285	16
286	26
287	19
288	18
289	20
290	35
291	19
292	22
293	20
294	15
295	24
296	22
297	29
298	25
299	23
300	22
301	14
302	16
303	13
304	17
305	26
306	19
307	15
308	23
309	12
310	20
311	12
312	19
313	24
314	11
315	16
316	15
317	17
318	26
319	17
320	13
321	9
322	18
323	18
324	13
325	17
326	12
327	14
328	18
329	15
330	16
331	10
332	15
333	14
334	17
335	5
336	8
337	12
338	20
339	13
340	19
341	11
342	9
343	15
344	13
345	17
346	11
347	13
348	10
349	15
350	15
351	17
352	12
353	18
354	15
355	7
356	9
357	16
358	12
359	10
360	11
361	10
362	8
363	11
364	10
365	7
366	11
367	6
368	9
369	4
370	8
371	15
372	13
373	12
374	12
375	12
376	15
377	10
378	9
379	9
380	13
381	7
382	13
383	9
384	4
385	5
386	13
387	6
388	11
389	12
390	11
391	6
392	7
393	5
394	11
395	10
396	8
397	6
398	9
399	10
400	9
401	10
402	8
403	8
404	5
405	10
406	10
407	11
408	13
409	5
410	11
411	6
412	4
413	8
414	5
415	10
416	8
417	8
418	7
419	11
420	10
421	6
422	3
423	4
424	6
425	12
426	7
427	6
428	4
429	11
430	10
431	3
432	7
433	3
434	6
435	5
436	6
437	6
438	7
439	7
440	8
441	8
442	6
443	7
444	5
445	8
446	5
447	9
448	7
449	4
450	7
451	1
452	8
453	4
454	7
455	6
456	9
457	6
458	7
459	3
460	8
461	7
462	4
463	3
464	5
465	3
466	8
467	5
468	4
469	8
470	3
471	2
472	3
473	6
474	9
475	2
476	3
477	9
478	2
479	5
480	4
481	5
482	4
483	5
484	7
485	8
486	3
487	7
488	6
489	8
490	3
491	3
492	5
493	5
494	6
495	3
496	4
497	7
498	4
499	5
500	5
501	4
502	4
503	6
504	7
505	5
506	1
507	6
508	3
509	5
510	4
511	5
512	4
513	3
514	4
515	2
516	3
517	4
518	3
519	6
520	6
521	1
523	4
524	2
525	9
526	6
527	2
528	4
529	2
530	1
531	2
532	6
533	4
534	3
535	3
536	4
537	4
538	3
539	1
540	2
541	3
543	2
544	4
545	4
546	2
547	3
548	4
549	2
550	1
551	3
552	2
553	3
554	3
555	3
556	2
557	1
558	4
559	3
560	4
561	2
562	3
563	2
564	5
565	3
566	1
567	2
568	1
569	1
570	2
571	3
572	1
573	2
574	2
575	4
577	4
579	4
580	2
581	3
583	4
584	1
585	2
586	3
587	2
588	4
589	1
590	2
591	3
592	6
593	1
594	1
595	5
596	4
597	2
598	4
599	2
600	3
601	1
602	3
604	1
605	3
606	1
607	3
608	3
609	2
610	3
611	5
612	4
613	3
614	1
615	2
616	1
618	2
619	3
620	2
621	1
623	2
624	2
625	1
626	2
627	2
629	2
633	2
634	1
635	1
636	2
638	1
639	3
640	1
641	2
642	1
643	1
645	3
646	2
648	1
649	3
650	4
651	4
652	2
653	2
654	2
655	2
656	1
658	2
659	1
660	3
661	1
662	1
663	2
664	5
665	3
666	1
667	2
668	1
669	1
670	2
671	3
674	2
675	1
676	4
677	4
679	1
680	3
681	4
682	2
684	1
686	1
687	2
688	2
689	4
690	2
691	5
692	4
696	1
697	1
698	3
699	3
702	1
704	1
705	3
706	1
708	1
709	1
710	2
711	1
712	4
713	2
714	4
715	2
717	1
718	2
719	2
720	1
723	2
724	1
725	3
726	1
730	1
731	1
732	1
733	2
736	2
737	1
738	1
740	3
741	1
743	1
747	2
748	3
749	1
751	3
752	1
753	1
754	1
757	3
758	1
760	1
761	1
762	1
763	1
766	2
768	1
769	1
770	2
771	1
773	2
774	2
778	1
779	1
780	2
782	2
786	3
787	1
789	2
791	2
795	1
797	1
800	3
802	1
805	1
807	1
808	1
812	1
814	2
816	1
817	1
818	3
819	1
820	1
822	1
823	1
824	1
825	3
829	1
830	1
833	3
835	2
836	1
837	2
840	1
843	1
846	1
850	1
851	2
853	2
858	1
859	1
860	1
861	1
862	1
863	1
865	1
866	1
868	1
871	1
872	1
875	1
876	1
878	1
880	2
881	2
884	1
886	5
887	4
892	1
893	1
897	1
899	1
901	1
904	1
906	2
907	1
910	1
911	1
912	1
913	1
915	2
916	2
919	1
920	1
922	1
923	2
928	1
929	1
931	2
934	1
936	2
940	2
947	1
950	1
952	1
956	1
961	1
962	1
964	2
965	2
966	1
969	1
972	1
980	1
982	1
983	1
988	1
989	1
990	1
991	1
992	1
998	1
1004	1
1006	1
1008	1
1012	1
1013	2
1021	2
1029	1
1033	1
1039	1
1054	2
1055	1
1057	1
1065	1
1067	1
1070	1
1071	1
1075	1
1078	1
1081	2
1088	1
1096	1
1102	1
1103	2
1106	1
1109	1
1110	1
1115	1
1117	2
1122	1
1124	1
1129	1
1131	2
1133	1
1141	1
1146	1
1156	1
1160	2
1170	1
1177	1
1192	1
1193	1
1194	1
1197	1
1198	1
1207	1
1213	1
1215	1
1217	1
1218	1
1229	1
1233	1
1245	1
1250	2
1266	1
1271	1
1275	1
1281	1
1289	1
1290	1
1293	1
1305	1
1315	1
1318	1
1327	1
1330	1
1334	1
1344	1
1363	1
1365	1
1368	1
1391	1
1394	1
1402	1
1426	2
1428	1
1429	1
1438	1
1445	2
1480	1
1505	1
1543	1
1574	1
1645	1
1711	1
1716	1
1805	1
1830	1
1832	2
1867	1
1883	1
1900	1
2041	1
2047	1
2095	1
2124	1
2166	1
2271	1
2339	1
2348	1
2484	1
2604	1
2645	1
2709	1
2748	1
2840	1
2921	1
3161	1
3574	1
3808	1
4514	1
4609	1
5794	1
6133	1
6201	1
6686	1
7749	1
7831	1
9562	1
14805	1
29445	1
29901	1
100815	1
492479	1

[ESTIMATING YIELD CURVE]
[BOOTSTRAPPING HISTOGRAM]
.......__..._....._..._...._.._.._..............._....._.__..............__.._._..........................._._........
[COMPUTING CONFIDENCE INTERVALS]
[WRITING OUTPUT]
