PAIRED_END_BAM_INPUT
Processed 1000000 records
Processed 2000000 records
Processed 3000000 records
Processed 4000000 records
Processed 5000000 records
Processed 6000000 records
Processed 7000000 records
Processed 8000000 records
Processed 9000000 records
Processed 10000000 records
Processed 11000000 records
Processed 12000000 records
Processed 13000000 records
Processed 14000000 records
Processed 15000000 records
Processed 16000000 records
Processed 17000000 records
Processed 18000000 records
Processed 19000000 records
Processed 20000000 records
Processed 21000000 records
Processed 22000000 records
Processed 23000000 records
Processed 24000000 records
Processed 25000000 records
Processed 26000000 records
Processed 27000000 records
Processed 28000000 records
Processed 29000000 records
Processed 30000000 records
Processed 31000000 records
Processed 32000000 records
Processed 33000000 records
Processed 34000000 records
Processed 35000000 records
Processed 36000000 records
Processed 37000000 records
Processed 38000000 records
Processed 39000000 records
Processed 40000000 records
Processed 41000000 records
Processed 42000000 records
Processed 43000000 records
Processed 44000000 records
Processed 45000000 records
Processed 46000000 records
Processed 47000000 records
Processed 48000000 records
Processed 49000000 records
Processed 50000000 records
Processed 51000000 records
Processed 52000000 records
Processed 53000000 records
Processed 54000000 records
Processed 55000000 records
Processed 56000000 records
Processed 57000000 records
Processed 58000000 records
Processed 59000000 records
Processed 60000000 records
Processed 61000000 records
Processed 62000000 records
Processed 63000000 records
Processed 64000000 records
Processed 65000000 records
Processed 66000000 records
Processed 67000000 records
Processed 68000000 records
Processed 69000000 records
Processed 70000000 records
Processed 71000000 records
Processed 72000000 records
Processed 73000000 records
Processed 74000000 records
Processed 75000000 records
Processed 76000000 records
Processed 77000000 records
Processed 78000000 records
Processed 79000000 records
Processed 80000000 records
Processed 81000000 records
Processed 82000000 records
Processed 83000000 records
Processed 84000000 records
Processed 85000000 records
Processed 86000000 records
Processed 87000000 records
Processed 88000000 records
Processed 89000000 records
Processed 90000000 records
Processed 91000000 records
Processed 92000000 records
Processed 93000000 records
Processed 94000000 records
Processed 95000000 records
Processed 96000000 records
Processed 97000000 records
Processed 98000000 records
Processed 99000000 records
Processed 100000000 records
Processed 101000000 records
Processed 102000000 records
Processed 103000000 records
Processed 104000000 records
Processed 105000000 records
Processed 106000000 records
Processed 107000000 records
Processed 108000000 records
Processed 109000000 records
Processed 110000000 records
Processed 111000000 records
Processed 112000000 records
Processed 113000000 records
Processed 114000000 records
Processed 115000000 records
Processed 116000000 records
Processed 117000000 records
Processed 118000000 records
Processed 119000000 records
Processed 120000000 records
Processed 121000000 records
Processed 122000000 records
Processed 123000000 records
Processed 124000000 records
Processed 125000000 records
Processed 126000000 records
Processed 127000000 records
Processed 128000000 records
Processed 129000000 records
Processed 130000000 records
Processed 131000000 records
Processed 132000000 records
Processed 133000000 records
Processed 134000000 records
Processed 135000000 records
Processed 136000000 records
Processed 137000000 records
Processed 138000000 records
Processed 139000000 records
Processed 140000000 records
Processed 141000000 records
Processed 142000000 records
Processed 143000000 records
paired = 70844832
unpaired = 1984292
MERGED PAIRED END READS = 70844832
MATES PROCESSED = 143673956
TOTAL READS     = 72829124
DISTINCT READS  = 4.99856e+07
DISTINCT COUNTS = 602
MAX COUNT       = 332195
COUNTS OF 1     = 3.87035e+07
MAX TERMS       = 100
OBSERVED COUNTS (332196)
1	38703504
2	8356360
3	1785805
4	453333
5	168317
6	91904
7	62501
8	47285
9	37426
10	30678
11	25322
12	21458
13	18175
14	16049
15	14116
16	12285
17	10717
18	9635
19	8421
20	7780
21	6996
22	6200
23	5721
24	5071
25	4661
26	4256
27	3846
28	3477
29	3228
30	2989
31	2763
32	2516
33	2408
34	2205
35	2150
36	1926
37	1855
38	1762
39	1614
40	1562
41	1453
42	1257
43	1280
44	1193
45	1188
46	1096
47	987
48	1028
49	971
50	879
51	871
52	733
53	788
54	702
55	691
56	715
57	609
58	648
59	619
60	579
61	576
62	538
63	498
64	485
65	443
66	476
67	396
68	406
69	395
70	402
71	343
72	346
73	343
74	310
75	368
76	316
77	314
78	283
79	293
80	275
81	271
82	265
83	228
84	230
85	222
86	229
87	174
88	227
89	215
90	207
91	192
92	182
93	191
94	171
95	160
96	166
97	163
98	164
99	138
100	149
101	139
102	130
103	136
104	139
105	128
106	126
107	102
108	124
109	117
110	104
111	100
112	111
113	113
114	92
115	116
116	84
117	94
118	91
119	96
120	86
121	87
122	102
123	98
124	83
125	59
126	91
127	84
128	74
129	89
130	72
131	67
132	65
133	80
134	68
135	61
136	65
137	77
138	64
139	61
140	52
141	41
142	53
143	43
144	52
145	59
146	43
147	64
148	50
149	32
150	34
151	39
152	44
153	47
154	44
155	40
156	44
157	32
158	29
159	47
160	43
161	44
162	37
163	41
164	33
165	38
166	25
167	47
168	37
169	38
170	34
171	25
172	36
173	42
174	27
175	35
176	28
177	34
178	38
179	25
180	23
181	29
182	20
183	23
184	30
185	24
186	15
187	27
188	21
189	22
190	25
191	17
192	21
193	20
194	31
195	20
196	23
197	22
198	15
199	18
200	18
201	13
202	21
203	22
204	19
205	17
206	14
207	18
208	18
209	14
210	23
211	22
212	7
213	18
214	17
215	9
216	12
217	10
218	18
219	14
220	7
221	15
222	12
223	2
224	8
225	11
226	10
227	17
228	13
229	13
230	11
231	13
232	11
233	13
234	13
235	11
236	9
237	13
238	12
239	11
240	15
241	10
242	14
243	12
244	11
245	14
246	12
247	8
248	7
249	10
250	6
251	11
252	6
253	10
254	9
255	9
256	5
257	11
258	12
259	5
260	5
261	8
262	8
263	11
264	4
265	7
266	8
267	9
268	4
269	7
270	8
271	7
272	8
273	9
274	6
275	8
276	12
277	4
278	7
279	7
280	8
281	8
282	5
283	5
284	4
285	7
286	7
287	4
288	5
289	9
290	7
291	6
292	4
293	8
294	2
295	3
296	5
297	5
298	5
299	6
300	5
301	5
302	3
303	4
305	2
306	4
307	3
309	4
310	2
311	3
312	3
313	4
314	10
315	2
316	3
317	5
318	6
319	3
320	5
321	3
322	2
323	2
324	2
325	3
326	3
327	4
328	2
329	4
330	2
331	5
332	1
333	3
334	10
335	3
336	4
337	5
338	1
339	3
340	4
341	3
342	2
343	4
344	4
345	3
346	2
347	2
348	2
349	1
350	2
351	4
352	7
353	2
354	1
355	6
356	3
357	3
358	2
359	1
360	1
361	1
362	4
363	1
365	1
366	3
367	4
368	3
369	3
370	3
371	2
372	4
373	1
374	3
375	3
376	4
378	1
379	2
380	5
381	2
382	3
383	2
384	3
385	4
386	2
387	5
388	2
389	2
390	2
391	1
392	2
393	1
394	1
395	2
397	2
399	1
400	1
403	2
405	2
406	1
408	2
409	2
410	4
411	4
414	2
415	2
416	2
417	2
418	2
419	2
420	2
422	3
423	4
424	3
425	2
426	2
427	3
429	3
430	1
431	4
432	2
435	2
437	2
439	2
440	2
442	1
443	2
444	1
445	2
446	1
447	2
448	1
449	2
451	1
452	1
454	1
455	1
459	2
460	3
461	2
462	1
463	4
464	1
465	1
466	1
470	2
471	2
472	1
473	3
474	1
475	1
476	2
477	1
478	3
479	1
481	1
482	1
483	3
487	2
488	1
489	2
490	2
492	1
493	2
494	1
498	1
499	1
503	2
504	1
507	1
509	1
511	1
512	2
513	2
514	1
516	1
517	1
519	2
520	2
521	1
523	1
532	1
536	3
538	1
539	1
540	1
541	1
544	2
545	1
546	2
554	2
555	1
556	1
557	1
560	1
563	1
564	2
568	1
569	2
570	3
582	1
585	1
586	1
588	1
592	1
595	1
599	1
608	2
609	1
613	1
617	1
618	1
624	1
628	1
631	2
633	1
636	1
637	1
638	1
639	4
645	3
646	1
652	1
653	1
656	1
660	1
675	2
680	1
688	1
695	1
700	2
708	1
713	1
714	1
715	2
718	1
722	1
732	1
734	1
735	1
750	1
761	1
770	1
781	1
783	1
794	1
803	1
806	1
808	1
812	1
830	1
839	1
840	1
843	1
847	1
848	1
851	1
857	1
892	1
898	1
905	1
910	2
914	1
935	1
960	1
965	1
970	1
984	1
988	1
991	1
994	1
997	1
1006	1
1028	1
1037	1
1069	1
1073	1
1115	1
1170	1
1179	1
1236	1
1285	1
1362	1
1379	1
1382	1
1412	1
1419	1
1429	1
1464	1
1492	1
1521	1
1562	1
1671	1
1743	1
1753	1
1934	1
1952	1
2186	1
2270	1
2472	1
3791	1
4649	1
4963	1
11572	1
332195	1

[ESTIMATING YIELD CURVE]
[BOOTSTRAPPING HISTOGRAM]
........._.............................__......................................................_.._...__._..
[COMPUTING CONFIDENCE INTERVALS]
[WRITING OUTPUT]
