PAIRED_END_BAM_INPUT
Processed 1000000 records
Processed 2000000 records
Processed 3000000 records
Processed 4000000 records
Processed 5000000 records
Processed 6000000 records
Processed 7000000 records
Processed 8000000 records
Processed 9000000 records
Processed 10000000 records
Processed 11000000 records
Processed 12000000 records
Processed 13000000 records
Processed 14000000 records
Processed 15000000 records
Processed 16000000 records
Processed 17000000 records
Processed 18000000 records
Processed 19000000 records
Processed 20000000 records
Processed 21000000 records
Processed 22000000 records
Processed 23000000 records
Processed 24000000 records
Processed 25000000 records
Processed 26000000 records
Processed 27000000 records
Processed 28000000 records
Processed 29000000 records
Processed 30000000 records
Processed 31000000 records
Processed 32000000 records
Processed 33000000 records
Processed 34000000 records
Processed 35000000 records
Processed 36000000 records
Processed 37000000 records
Processed 38000000 records
Processed 39000000 records
Processed 40000000 records
Processed 41000000 records
Processed 42000000 records
Processed 43000000 records
Processed 44000000 records
Processed 45000000 records
Processed 46000000 records
Processed 47000000 records
Processed 48000000 records
Processed 49000000 records
Processed 50000000 records
Processed 51000000 records
Processed 52000000 records
Processed 53000000 records
Processed 54000000 records
Processed 55000000 records
Processed 56000000 records
Processed 57000000 records
Processed 58000000 records
Processed 59000000 records
Processed 60000000 records
Processed 61000000 records
Processed 62000000 records
Processed 63000000 records
Processed 64000000 records
Processed 65000000 records
Processed 66000000 records
Processed 67000000 records
Processed 68000000 records
Processed 69000000 records
Processed 70000000 records
Processed 71000000 records
Processed 72000000 records
Processed 73000000 records
Processed 74000000 records
Processed 75000000 records
Processed 76000000 records
Processed 77000000 records
Processed 78000000 records
Processed 79000000 records
Processed 80000000 records
Processed 81000000 records
Processed 82000000 records
Processed 83000000 records
Processed 84000000 records
Processed 85000000 records
Processed 86000000 records
Processed 87000000 records
Processed 88000000 records
Processed 89000000 records
Processed 90000000 records
Processed 91000000 records
Processed 92000000 records
Processed 93000000 records
Processed 94000000 records
Processed 95000000 records
Processed 96000000 records
Processed 97000000 records
Processed 98000000 records
Processed 99000000 records
Processed 100000000 records
Processed 101000000 records
Processed 102000000 records
Processed 103000000 records
Processed 104000000 records
Processed 105000000 records
Processed 106000000 records
Processed 107000000 records
Processed 108000000 records
Processed 109000000 records
Processed 110000000 records
Processed 111000000 records
Processed 112000000 records
Processed 113000000 records
Processed 114000000 records
Processed 115000000 records
Processed 116000000 records
Processed 117000000 records
Processed 118000000 records
Processed 119000000 records
paired = 58557553
unpaired = 2354848
MERGED PAIRED END READS = 58557553
MATES PROCESSED = 119469954
TOTAL READS     = 60912401
DISTINCT READS  = 3.94993e+07
DISTINCT COUNTS = 791
MAX COUNT       = 588362
COUNTS OF 1     = 3.15076e+07
MAX TERMS       = 100
OBSERVED COUNTS (588363)
1	31507578
2	5907988
3	1143138
4	290456
5	121303
6	75735
7	55853
8	43989
9	35504
10	29417
11	25002
12	21366
13	18709
14	16301
15	14299
16	12827
17	11549
18	10488
19	9649
20	8471
21	7853
22	7196
23	6713
24	5897
25	5396
26	5110
27	4694
28	4310
29	3946
30	3702
31	3506
32	3292
33	3079
34	2843
35	2698
36	2637
37	2429
38	2234
39	2170
40	2017
41	1889
42	1746
43	1731
44	1633
45	1615
46	1465
47	1383
48	1365
49	1246
50	1236
51	1201
52	1136
53	1024
54	1073
55	1000
56	1005
57	897
58	904
59	833
60	866
61	786
62	740
63	730
64	691
65	715
66	701
67	615
68	642
69	608
70	624
71	589
72	546
73	511
74	494
75	504
76	450
77	478
78	469
79	414
80	442
81	437
82	405
83	373
84	349
85	376
86	367
87	341
88	347
89	337
90	310
91	336
92	300
93	311
94	277
95	287
96	265
97	275
98	277
99	255
100	261
101	248
102	258
103	216
104	241
105	249
106	207
107	188
108	218
109	202
110	170
111	232
112	219
113	195
114	173
115	188
116	173
117	174
118	152
119	159
120	151
121	150
122	140
123	133
124	143
125	143
126	123
127	150
128	138
129	140
130	141
131	152
132	118
133	131
134	137
135	116
136	123
137	91
138	101
139	111
140	98
141	122
142	101
143	108
144	92
145	79
146	99
147	98
148	107
149	89
150	95
151	99
152	70
153	84
154	87
155	92
156	94
157	69
158	92
159	76
160	73
161	70
162	83
163	65
164	57
165	67
166	66
167	73
168	65
169	70
170	62
171	76
172	50
173	59
174	65
175	60
176	55
177	59
178	63
179	55
180	53
181	56
182	44
183	57
184	56
185	58
186	50
187	54
188	48
189	41
190	43
191	58
192	42
193	36
194	39
195	43
196	46
197	39
198	46
199	48
200	40
201	40
202	28
203	40
204	39
205	41
206	41
207	37
208	39
209	53
210	29
211	36
212	33
213	44
214	37
215	31
216	37
217	32
218	27
219	33
220	26
221	29
222	23
223	31
224	23
225	21
226	37
227	25
228	23
229	28
230	22
231	37
232	24
233	23
234	29
235	20
236	19
237	19
238	25
239	20
240	21
241	22
242	31
243	21
244	20
245	21
246	20
247	18
248	16
249	24
250	23
251	13
252	19
253	22
254	24
255	19
256	18
257	23
258	18
259	16
260	24
261	17
262	24
263	16
264	17
265	13
266	13
267	19
268	20
269	20
270	14
271	27
272	14
273	24
274	17
275	13
276	9
277	19
278	18
279	12
280	15
281	8
282	15
283	23
284	14
285	20
286	20
287	14
288	12
289	11
290	13
291	14
292	8
293	13
294	13
295	22
296	10
297	17
298	9
299	9
300	19
301	17
302	10
303	21
304	11
305	8
306	13
307	18
308	12
309	13
310	11
311	11
312	7
313	13
314	7
315	11
316	14
317	7
318	8
319	8
320	4
321	6
322	10
323	11
324	5
325	6
326	12
327	9
328	11
329	10
330	13
331	7
332	9
333	11
334	9
335	10
336	8
337	5
338	10
339	14
340	9
341	10
342	9
343	7
344	8
345	17
346	5
347	11
348	5
349	15
350	10
351	7
352	7
353	6
354	3
355	6
356	6
357	8
358	7
359	6
360	10
361	8
362	7
363	5
364	5
365	5
366	11
367	9
368	11
369	6
370	3
371	5
372	5
373	6
374	5
375	8
376	5
377	4
378	5
379	5
380	2
381	2
382	5
383	4
384	2
385	2
386	5
387	4
388	2
389	4
390	2
391	3
392	4
393	4
394	9
395	7
396	2
397	6
398	8
399	2
400	4
401	5
402	1
403	3
404	2
405	6
406	3
407	7
408	6
409	7
410	7
411	8
412	3
413	6
414	3
415	5
416	1
417	2
418	8
419	3
420	6
421	2
422	6
423	5
424	7
425	3
426	5
427	1
428	2
429	3
430	4
431	6
432	4
433	4
434	6
435	1
436	1
437	3
438	6
439	8
440	4
441	1
442	7
443	3
444	2
445	4
446	1
447	1
448	1
449	2
450	2
451	5
452	3
453	2
454	1
455	2
456	3
457	2
458	3
459	6
460	2
461	2
462	2
463	3
464	5
465	1
466	3
467	3
468	3
469	2
470	3
471	3
472	3
473	3
474	4
475	4
477	2
478	2
479	3
481	1
482	5
483	2
485	1
486	3
487	3
488	5
489	2
490	2
491	5
492	3
493	3
494	2
495	4
496	1
497	5
500	4
501	2
502	1
503	1
504	2
505	3
506	4
508	1
509	1
510	1
512	6
513	1
516	2
517	3
518	3
519	4
520	4
522	2
523	2
524	4
525	3
526	3
527	1
528	2
529	1
531	4
532	5
533	2
534	1
535	2
537	2
538	4
539	5
540	2
541	1
542	2
543	2
544	1
545	3
546	2
547	5
548	4
549	1
551	4
552	2
553	1
554	2
556	3
558	2
559	2
560	1
561	2
565	1
567	3
568	1
569	1
570	2
572	1
573	3
574	1
575	2
576	2
577	1
578	2
579	2
582	1
583	2
584	3
585	2
586	1
587	1
588	2
589	1
590	2
592	1
593	1
594	1
595	2
596	2
597	1
598	2
599	1
600	2
601	1
604	1
606	1
607	1
608	1
609	1
610	1
611	1
612	2
613	2
614	1
615	1
616	2
617	1
618	1
619	1
621	2
622	1
623	1
624	1
626	2
627	2
628	1
629	2
630	4
632	1
634	1
637	1
639	1
642	1
643	1
644	1
646	1
649	2
651	3
652	2
653	1
654	2
656	1
657	2
663	1
665	1
666	4
667	1
674	2
675	1
677	1
679	2
680	1
681	1
682	2
683	2
684	1
685	2
686	1
687	2
688	2
689	1
691	2
692	1
694	1
696	1
698	2
701	2
703	3
705	1
708	1
710	1
714	1
716	1
718	2
719	4
720	1
722	4
723	1
725	1
727	1
729	2
731	1
740	4
741	1
742	1
743	1
745	1
746	2
747	1
749	1
752	1
754	1
755	1
759	1
765	1
777	1
781	2
782	1
783	1
784	1
787	1
791	1
796	2
800	2
801	1
802	1
803	1
804	1
805	1
812	1
824	1
825	1
826	1
828	2
833	1
834	1
836	1
840	2
843	1
857	1
859	1
860	1
868	1
872	1
879	1
882	1
883	1
892	1
903	2
919	1
921	1
923	1
929	1
931	1
936	1
937	1
954	1
955	1
967	1
968	1
973	2
976	1
985	1
987	1
989	1
997	1
1002	1
1009	1
1019	1
1021	1
1023	1
1034	1
1036	2
1047	1
1075	1
1081	1
1083	1
1084	1
1094	1
1097	1
1105	1
1106	1
1130	1
1135	1
1173	1
1183	1
1217	1
1220	1
1223	1
1240	1
1266	1
1276	1
1292	1
1296	1
1386	1
1391	1
1438	1
1480	1
1488	1
1489	1
1492	1
1499	1
1508	1
1574	1
1580	1
1583	1
1600	1
1635	1
1710	1
1781	1
1806	1
1808	1
1826	1
1835	1
1894	1
1975	1
2256	1
2303	1
2455	1
2779	1
2913	1
2982	1
3159	1
3205	1
3468	1
3602	1
3666	1
3674	1
3679	1
4616	1
5264	1
9767	1
10228	1
21774	1
22615	1
76060	1
588362	1

[ESTIMATING YIELD CURVE]
[BOOTSTRAPPING HISTOGRAM]
..._..._........._...._......_....._....._........._._........__....._..._._.........._._......_..........._._......._..
[COMPUTING CONFIDENCE INTERVALS]
[WRITING OUTPUT]
