PAIRED_END_BAM_INPUT
Processed 1000000 records
Processed 2000000 records
Processed 3000000 records
Processed 4000000 records
Processed 5000000 records
Processed 6000000 records
Processed 7000000 records
Processed 8000000 records
Processed 9000000 records
Processed 10000000 records
Processed 11000000 records
Processed 12000000 records
Processed 13000000 records
Processed 14000000 records
Processed 15000000 records
Processed 16000000 records
Processed 17000000 records
Processed 18000000 records
Processed 19000000 records
Processed 20000000 records
Processed 21000000 records
Processed 22000000 records
Processed 23000000 records
Processed 24000000 records
Processed 25000000 records
Processed 26000000 records
Processed 27000000 records
Processed 28000000 records
Processed 29000000 records
Processed 30000000 records
Processed 31000000 records
Processed 32000000 records
Processed 33000000 records
Processed 34000000 records
Processed 35000000 records
Processed 36000000 records
Processed 37000000 records
Processed 38000000 records
Processed 39000000 records
Processed 40000000 records
Processed 41000000 records
Processed 42000000 records
Processed 43000000 records
Processed 44000000 records
Processed 45000000 records
Processed 46000000 records
Processed 47000000 records
Processed 48000000 records
Processed 49000000 records
Processed 50000000 records
Processed 51000000 records
Processed 52000000 records
Processed 53000000 records
Processed 54000000 records
Processed 55000000 records
Processed 56000000 records
Processed 57000000 records
Processed 58000000 records
Processed 59000000 records
Processed 60000000 records
Processed 61000000 records
Processed 62000000 records
Processed 63000000 records
Processed 64000000 records
Processed 65000000 records
Processed 66000000 records
Processed 67000000 records
Processed 68000000 records
Processed 69000000 records
Processed 70000000 records
Processed 71000000 records
Processed 72000000 records
Processed 73000000 records
Processed 74000000 records
Processed 75000000 records
Processed 76000000 records
Processed 77000000 records
Processed 78000000 records
Processed 79000000 records
Processed 80000000 records
Processed 81000000 records
Processed 82000000 records
Processed 83000000 records
Processed 84000000 records
Processed 85000000 records
Processed 86000000 records
Processed 87000000 records
Processed 88000000 records
Processed 89000000 records
Processed 90000000 records
Processed 91000000 records
Processed 92000000 records
Processed 93000000 records
Processed 94000000 records
Processed 95000000 records
Processed 96000000 records
Processed 97000000 records
Processed 98000000 records
Processed 99000000 records
Processed 100000000 records
paired = 49614798
unpaired = 1699124
MERGED PAIRED END READS = 49614798
MATES PROCESSED = 100928720
TOTAL READS     = 51313922
DISTINCT READS  = 3.81343e+07
DISTINCT COUNTS = 466
MAX COUNT       = 320271
COUNTS OF 1     = 3.11804e+07
MAX TERMS       = 100
OBSERVED COUNTS (320272)
1	31180371
2	5421101
3	943222
4	214024
5	84976
6	51595
7	36832
8	28199
9	22172
10	18170
11	15001
12	12406
13	10599
14	8948
15	7840
16	6765
17	5865
18	5082
19	4553
20	4001
21	3439
22	3129
23	2911
24	2635
25	2346
26	2241
27	1944
28	1794
29	1723
30	1546
31	1505
32	1316
33	1227
34	1169
35	1073
36	969
37	938
38	871
39	861
40	784
41	737
42	693
43	700
44	641
45	567
46	586
47	536
48	517
49	469
50	470
51	422
52	406
53	389
54	334
55	346
56	336
57	285
58	314
59	269
60	280
61	265
62	269
63	249
64	241
65	200
66	210
67	238
68	194
69	178
70	205
71	162
72	189
73	154
74	183
75	144
76	149
77	132
78	134
79	127
80	117
81	107
82	129
83	113
84	126
85	117
86	110
87	113
88	106
89	88
90	84
91	92
92	93
93	101
94	98
95	79
96	67
97	82
98	73
99	72
100	71
101	67
102	59
103	73
104	57
105	78
106	58
107	63
108	49
109	55
110	50
111	52
112	51
113	51
114	43
115	48
116	49
117	54
118	34
119	43
120	47
121	50
122	37
123	41
124	38
125	33
126	42
127	32
128	36
129	37
130	32
131	21
132	29
133	27
134	31
135	32
136	27
137	24
138	26
139	27
140	32
141	22
142	26
143	32
144	25
145	18
146	15
147	18
148	23
149	21
150	18
151	19
152	22
153	21
154	20
155	27
156	10
157	13
158	14
159	16
160	13
161	17
162	15
163	15
164	14
165	13
166	13
167	15
168	10
169	10
170	13
171	11
172	11
173	12
174	18
175	7
176	13
177	4
178	9
179	9
180	14
181	11
182	8
183	12
184	16
185	15
186	7
187	10
188	6
189	9
190	14
191	6
192	13
193	11
194	9
195	8
196	4
197	3
198	13
199	8
200	8
201	6
202	10
203	4
204	7
205	10
206	6
207	11
208	5
209	6
210	6
211	4
212	5
213	4
214	6
215	6
216	3
217	11
218	2
219	7
220	8
221	9
222	5
223	9
224	4
225	7
226	3
227	7
228	1
229	9
230	5
231	3
232	7
233	4
234	4
235	1
236	5
237	2
238	1
239	6
240	4
241	5
242	3
243	2
244	4
245	1
246	2
247	4
248	6
249	3
252	1
253	3
254	7
255	4
256	3
257	5
258	1
259	1
260	3
261	3
262	8
263	3
264	2
265	5
266	5
267	5
268	2
269	3
270	3
271	2
273	1
274	2
275	1
276	2
277	7
278	1
279	2
280	2
281	1
282	3
283	2
284	2
285	1
286	2
287	1
288	1
289	3
290	2
291	6
292	3
293	8
294	3
295	4
296	2
297	2
298	3
299	1
300	1
301	3
302	1
303	3
305	2
306	2
307	3
308	2
310	3
311	2
313	2
314	1
315	1
316	1
317	1
318	3
321	1
322	2
324	1
325	1
327	2
329	1
330	3
331	1
332	1
333	1
334	1
335	1
337	2
339	1
340	2
342	2
345	1
347	1
348	1
350	1
351	1
352	3
354	3
355	2
357	3
358	1
360	3
361	1
362	2
363	2
364	1
367	2
368	1
371	1
372	1
374	1
375	3
376	1
378	3
379	1
381	3
382	2
383	2
385	2
392	1
395	1
396	2
398	1
399	1
404	1
405	1
407	2
408	1
409	1
411	1
412	1
414	1
416	1
419	1
424	3
427	1
428	1
429	2
432	1
433	2
434	1
435	1
436	1
438	1
440	1
444	1
445	1
446	1
451	1
459	1
462	1
464	1
469	1
472	1
473	1
476	1
485	1
493	1
498	1
502	1
503	1
504	1
505	1
509	1
513	1
514	1
515	1
520	2
522	1
526	1
529	1
531	1
540	1
541	1
548	1
549	1
553	1
564	1
581	1
613	1
620	1
629	1
673	1
674	1
704	1
718	1
731	2
751	1
761	1
776	2
810	1
816	1
821	1
867	1
879	1
933	1
951	1
968	1
1006	1
1040	1
1046	1
1085	1
1092	1
1120	1
1147	1
1214	1
1230	1
1231	1
1475	1
1589	1
1657	1
1739	1
1812	1
2231	1
2314	1
2568	1
2819	1
3141	1
3246	1
3250	1
4662	1
7499	1
7817	1
10703	1
10771	1
14693	1
15521	1
54703	1
320271	1

[ESTIMATING YIELD CURVE]
[BOOTSTRAPPING HISTOGRAM]
....._._.._..................__..._..._...._..._........._..._..._........_......_...........___.......__..............
[COMPUTING CONFIDENCE INTERVALS]
[WRITING OUTPUT]
