PAIRED_END_BAM_INPUT
Processed 1000000 records
Processed 2000000 records
Processed 3000000 records
Processed 4000000 records
Processed 5000000 records
Processed 6000000 records
Processed 7000000 records
Processed 8000000 records
Processed 9000000 records
Processed 10000000 records
Processed 11000000 records
Processed 12000000 records
Processed 13000000 records
Processed 14000000 records
Processed 15000000 records
Processed 16000000 records
Processed 17000000 records
Processed 18000000 records
Processed 19000000 records
Processed 20000000 records
Processed 21000000 records
Processed 22000000 records
Processed 23000000 records
Processed 24000000 records
Processed 25000000 records
Processed 26000000 records
Processed 27000000 records
Processed 28000000 records
Processed 29000000 records
Processed 30000000 records
Processed 31000000 records
Processed 32000000 records
Processed 33000000 records
Processed 34000000 records
Processed 35000000 records
Processed 36000000 records
Processed 37000000 records
Processed 38000000 records
Processed 39000000 records
Processed 40000000 records
Processed 41000000 records
Processed 42000000 records
Processed 43000000 records
Processed 44000000 records
Processed 45000000 records
Processed 46000000 records
Processed 47000000 records
Processed 48000000 records
Processed 49000000 records
Processed 50000000 records
Processed 51000000 records
Processed 52000000 records
Processed 53000000 records
Processed 54000000 records
Processed 55000000 records
Processed 56000000 records
Processed 57000000 records
Processed 58000000 records
Processed 59000000 records
Processed 60000000 records
Processed 61000000 records
Processed 62000000 records
Processed 63000000 records
Processed 64000000 records
Processed 65000000 records
Processed 66000000 records
Processed 67000000 records
Processed 68000000 records
Processed 69000000 records
Processed 70000000 records
Processed 71000000 records
Processed 72000000 records
Processed 73000000 records
Processed 74000000 records
Processed 75000000 records
Processed 76000000 records
Processed 77000000 records
Processed 78000000 records
Processed 79000000 records
Processed 80000000 records
Processed 81000000 records
Processed 82000000 records
Processed 83000000 records
Processed 84000000 records
Processed 85000000 records
Processed 86000000 records
Processed 87000000 records
Processed 88000000 records
Processed 89000000 records
Processed 90000000 records
Processed 91000000 records
Processed 92000000 records
Processed 93000000 records
Processed 94000000 records
Processed 95000000 records
Processed 96000000 records
Processed 97000000 records
Processed 98000000 records
Processed 99000000 records
Processed 100000000 records
Processed 101000000 records
Processed 102000000 records
Processed 103000000 records
Processed 104000000 records
Processed 105000000 records
Processed 106000000 records
Processed 107000000 records
Processed 108000000 records
Processed 109000000 records
Processed 110000000 records
Processed 111000000 records
Processed 112000000 records
Processed 113000000 records
Processed 114000000 records
Processed 115000000 records
Processed 116000000 records
Processed 117000000 records
Processed 118000000 records
Processed 119000000 records
Processed 120000000 records
Processed 121000000 records
Processed 122000000 records
Processed 123000000 records
Processed 124000000 records
Processed 125000000 records
paired = 61914581
unpaired = 1883380
MERGED PAIRED END READS = 61914581
MATES PROCESSED = 125712542
TOTAL READS     = 63797961
DISTINCT READS  = 4.20871e+07
DISTINCT COUNTS = 795
MAX COUNT       = 243636
COUNTS OF 1     = 3.34502e+07
MAX TERMS       = 100
OBSERVED COUNTS (243637)
1	33450153
2	6431210
3	1251851
4	310003
5	125000
6	75232
7	54768
8	42624
9	35074
10	29186
11	24717
12	21293
13	18051
14	15839
15	14005
16	12331
17	11060
18	9820
19	8849
20	8082
21	7127
22	6680
23	6193
24	5590
25	5204
26	4911
27	4523
28	4279
29	3763
30	3664
31	3450
32	3158
33	2998
34	2810
35	2578
36	2563
37	2390
38	2316
39	2090
40	2093
41	1977
42	1881
43	1689
44	1681
45	1579
46	1477
47	1400
48	1399
49	1343
50	1356
51	1218
52	1148
53	1088
54	1090
55	1020
56	976
57	926
58	950
59	881
60	891
61	837
62	796
63	678
64	721
65	684
66	640
67	673
68	609
69	670
70	608
71	570
72	574
73	496
74	541
75	510
76	469
77	459
78	416
79	430
80	419
81	465
82	440
83	399
84	402
85	390
86	379
87	337
88	349
89	317
90	345
91	346
92	332
93	308
94	332
95	299
96	287
97	282
98	274
99	271
100	247
101	243
102	262
103	241
104	228
105	216
106	233
107	225
108	221
109	219
110	207
111	202
112	195
113	205
114	205
115	195
116	180
117	179
118	163
119	170
120	161
121	160
122	169
123	168
124	173
125	139
126	128
127	153
128	159
129	128
130	133
131	105
132	125
133	115
134	124
135	102
136	118
137	116
138	115
139	108
140	102
141	108
142	102
143	100
144	111
145	97
146	105
147	85
148	96
149	94
150	92
151	87
152	109
153	93
154	93
155	80
156	77
157	93
158	83
159	85
160	78
161	74
162	76
163	61
164	61
165	76
166	80
167	73
168	45
169	74
170	60
171	67
172	64
173	78
174	61
175	69
176	78
177	58
178	56
179	61
180	50
181	55
182	67
183	48
184	59
185	48
186	64
187	58
188	56
189	41
190	50
191	59
192	45
193	48
194	50
195	44
196	55
197	34
198	48
199	50
200	53
201	47
202	38
203	43
204	47
205	32
206	48
207	46
208	39
209	47
210	38
211	41
212	36
213	31
214	28
215	43
216	32
217	26
218	35
219	38
220	28
221	38
222	30
223	32
224	37
225	38
226	25
227	31
228	32
229	24
230	20
231	21
232	30
233	34
234	24
235	25
236	28
237	22
238	21
239	21
240	22
241	16
242	23
243	29
244	22
245	29
246	23
247	22
248	25
249	18
250	30
251	16
252	27
253	20
254	23
255	21
256	9
257	18
258	18
259	20
260	11
261	23
262	18
263	21
264	23
265	15
266	21
267	9
268	12
269	23
270	22
271	18
272	15
273	18
274	21
275	18
276	11
277	13
278	14
279	8
280	18
281	22
282	16
283	19
284	17
285	15
286	18
287	12
288	13
289	7
290	18
291	10
292	17
293	16
294	6
295	11
296	8
297	8
298	18
299	13
300	13
301	21
302	14
303	13
304	14
305	11
306	13
307	14
308	13
309	12
310	15
311	8
312	10
313	8
314	10
315	4
316	11
317	8
318	7
319	12
320	7
321	5
322	13
323	8
324	14
325	12
326	11
327	11
328	11
329	10
330	10
331	15
332	6
333	8
334	8
335	15
336	7
337	6
338	5
339	13
340	10
341	5
342	4
343	12
344	9
345	13
346	7
347	8
348	10
349	7
350	5
351	7
352	5
353	9
354	8
355	5
356	5
357	9
358	4
359	6
360	12
361	10
362	5
363	6
364	10
365	6
366	8
367	2
368	2
369	5
370	5
371	8
372	5
373	7
374	7
375	6
376	7
377	10
378	7
379	1
380	7
381	7
382	5
383	6
384	4
385	4
386	6
387	11
388	7
389	1
390	11
391	6
392	6
393	7
394	6
395	3
396	6
397	3
398	9
399	5
400	4
401	3
402	7
403	5
404	4
405	6
406	9
407	6
408	5
409	6
410	3
411	2
412	1
413	6
414	5
415	8
416	2
417	1
418	4
419	3
420	2
421	6
422	3
423	3
424	4
425	3
426	5
427	6
428	2
429	7
430	4
431	2
432	3
433	5
434	4
435	3
436	1
437	5
438	8
439	2
440	6
441	2
443	7
444	5
445	1
446	5
447	9
448	6
449	2
450	4
451	2
453	4
454	4
455	4
456	4
457	2
458	6
460	3
461	2
462	2
463	5
464	4
465	3
466	2
467	1
468	4
469	1
470	5
471	4
472	1
473	1
474	5
475	2
476	2
477	3
478	6
479	3
480	3
481	4
482	3
483	2
484	2
485	7
486	2
487	5
488	2
489	2
490	1
491	2
492	2
493	4
494	4
495	2
496	2
497	4
499	1
500	2
501	2
502	2
503	5
504	2
505	2
506	4
507	1
508	5
509	1
510	3
511	1
512	3
513	1
514	1
515	4
516	1
517	3
518	2
519	1
520	1
521	2
522	1
524	2
525	1
527	2
528	3
530	3
531	2
532	3
533	2
534	3
535	2
537	1
538	3
539	2
540	1
541	2
542	2
543	2
545	1
548	4
549	2
550	2
551	2
552	2
553	1
554	2
555	1
556	4
557	2
558	4
559	1
560	1
561	2
563	1
564	1
566	1
567	1
570	2
571	1
572	2
574	4
575	4
576	2
577	3
580	4
581	1
582	3
583	1
584	1
585	1
586	1
588	3
589	2
590	2
591	3
592	2
593	2
594	1
595	1
596	1
597	2
598	1
599	1
600	1
602	1
603	2
605	1
606	1
608	3
609	1
611	1
612	1
614	1
615	2
616	2
617	2
618	1
619	2
622	2
623	1
625	2
626	2
631	1
632	2
633	1
634	3
635	1
636	1
637	1
640	1
641	1
642	3
644	2
645	1
646	1
647	1
648	1
649	3
650	1
651	1
652	1
653	1
654	2
656	2
658	1
659	2
663	1
664	1
668	2
672	1
673	1
675	2
679	1
681	2
683	2
684	1
685	1
686	2
692	1
695	2
696	2
697	1
698	1
699	2
701	2
704	1
705	1
706	1
707	1
715	1
716	1
717	1
718	1
721	1
725	1
726	1
727	1
729	1
730	2
731	1
732	1
733	1
734	1
735	1
736	1
737	1
741	1
744	1
747	2
748	2
749	1
752	2
753	1
754	1
757	2
758	1
759	2
762	1
763	1
778	1
781	1
783	1
787	1
791	4
793	2
794	1
800	2
803	1
805	2
806	1
808	1
809	1
812	1
813	1
815	2
817	1
825	1
827	1
828	1
829	1
834	1
835	1
836	1
840	1
843	2
844	1
845	1
846	1
847	1
850	1
851	1
853	1
855	1
859	1
862	1
863	1
865	2
868	1
871	1
872	2
873	1
875	1
887	1
888	1
901	1
906	1
907	1
909	1
910	1
911	2
925	1
926	1
934	1
935	1
954	1
955	2
959	1
965	1
967	1
968	1
976	1
977	1
986	2
987	1
988	1
989	1
1004	1
1005	2
1008	1
1014	1
1020	1
1025	1
1032	1
1033	1
1034	1
1046	1
1049	1
1051	1
1079	1
1092	1
1112	1
1114	1
1117	1
1118	1
1121	1
1124	1
1152	1
1153	1
1169	1
1269	1
1304	1
1310	1
1352	1
1353	1
1358	1
1361	1
1372	1
1443	1
1444	1
1494	1
1518	1
1568	1
1584	1
1704	1
1757	1
1829	1
1857	1
1928	1
1975	1
1988	1
2055	1
2214	1
2230	1
2312	1
2376	1
3706	1
7083	1
243636	1

[ESTIMATING YIELD CURVE]
[BOOTSTRAPPING HISTOGRAM]
................................_....................................................._...............
[COMPUTING CONFIDENCE INTERVALS]
[WRITING OUTPUT]
