PAIRED_END_BAM_INPUT
Processed 1000000 records
Processed 2000000 records
Processed 3000000 records
Processed 4000000 records
Processed 5000000 records
Processed 6000000 records
Processed 7000000 records
Processed 8000000 records
Processed 9000000 records
Processed 10000000 records
Processed 11000000 records
Processed 12000000 records
Processed 13000000 records
Processed 14000000 records
Processed 15000000 records
Processed 16000000 records
Processed 17000000 records
Processed 18000000 records
Processed 19000000 records
Processed 20000000 records
Processed 21000000 records
Processed 22000000 records
Processed 23000000 records
Processed 24000000 records
Processed 25000000 records
Processed 26000000 records
Processed 27000000 records
Processed 28000000 records
Processed 29000000 records
Processed 30000000 records
Processed 31000000 records
Processed 32000000 records
Processed 33000000 records
Processed 34000000 records
Processed 35000000 records
Processed 36000000 records
Processed 37000000 records
Processed 38000000 records
Processed 39000000 records
Processed 40000000 records
Processed 41000000 records
Processed 42000000 records
Processed 43000000 records
Processed 44000000 records
Processed 45000000 records
Processed 46000000 records
Processed 47000000 records
Processed 48000000 records
Processed 49000000 records
Processed 50000000 records
Processed 51000000 records
Processed 52000000 records
Processed 53000000 records
Processed 54000000 records
Processed 55000000 records
Processed 56000000 records
Processed 57000000 records
Processed 58000000 records
Processed 59000000 records
Processed 60000000 records
Processed 61000000 records
Processed 62000000 records
Processed 63000000 records
Processed 64000000 records
Processed 65000000 records
Processed 66000000 records
Processed 67000000 records
Processed 68000000 records
Processed 69000000 records
Processed 70000000 records
Processed 71000000 records
Processed 72000000 records
Processed 73000000 records
Processed 74000000 records
Processed 75000000 records
Processed 76000000 records
Processed 77000000 records
Processed 78000000 records
Processed 79000000 records
Processed 80000000 records
Processed 81000000 records
Processed 82000000 records
Processed 83000000 records
Processed 84000000 records
Processed 85000000 records
Processed 86000000 records
Processed 87000000 records
Processed 88000000 records
Processed 89000000 records
Processed 90000000 records
Processed 91000000 records
Processed 92000000 records
Processed 93000000 records
Processed 94000000 records
Processed 95000000 records
Processed 96000000 records
Processed 97000000 records
Processed 98000000 records
Processed 99000000 records
Processed 100000000 records
Processed 101000000 records
Processed 102000000 records
Processed 103000000 records
Processed 104000000 records
Processed 105000000 records
Processed 106000000 records
Processed 107000000 records
Processed 108000000 records
Processed 109000000 records
Processed 110000000 records
Processed 111000000 records
Processed 112000000 records
Processed 113000000 records
Processed 114000000 records
Processed 115000000 records
Processed 116000000 records
Processed 117000000 records
Processed 118000000 records
Processed 119000000 records
Processed 120000000 records
Processed 121000000 records
Processed 122000000 records
Processed 123000000 records
Processed 124000000 records
Processed 125000000 records
Processed 126000000 records
Processed 127000000 records
Processed 128000000 records
Processed 129000000 records
Processed 130000000 records
Processed 131000000 records
paired = 64903219
unpaired = 1466447
MERGED PAIRED END READS = 64903219
MATES PROCESSED = 131272885
TOTAL READS     = 66369666
DISTINCT READS  = 4.19503e+07
DISTINCT COUNTS = 953
MAX COUNT       = 186416
COUNTS OF 1     = 3.35063e+07
MAX TERMS       = 100
OBSERVED COUNTS (186417)
1	33506265
2	6247013
3	1187701
4	298303
5	127199
6	79100
7	58297
8	46357
9	37953
10	31366
11	26677
12	23142
13	19904
14	17407
15	15366
16	13631
17	12425
18	11087
19	10104
20	9398
21	8395
22	7626
23	7142
24	6459
25	6115
26	5557
27	5175
28	4924
29	4650
30	4322
31	4166
32	3883
33	3710
34	3373
35	3240
36	3067
37	2844
38	2870
39	2576
40	2526
41	2320
42	2235
43	2109
44	2021
45	1990
46	1815
47	1798
48	1770
49	1635
50	1605
51	1512
52	1512
53	1401
54	1330
55	1335
56	1260
57	1189
58	1137
59	1138
60	1056
61	1045
62	1085
63	1004
64	1006
65	863
66	869
67	865
68	786
69	819
70	808
71	765
72	727
73	691
74	669
75	639
76	645
77	615
78	623
79	610
80	514
81	520
82	589
83	557
84	518
85	484
86	483
87	559
88	430
89	479
90	420
91	438
92	428
93	406
94	386
95	386
96	360
97	378
98	369
99	369
100	351
101	325
102	342
103	302
104	324
105	329
106	290
107	327
108	322
109	296
110	253
111	282
112	263
113	301
114	237
115	256
116	244
117	261
118	241
119	235
120	209
121	206
122	255
123	225
124	205
125	213
126	215
127	203
128	194
129	194
130	197
131	177
132	179
133	165
134	172
135	187
136	179
137	171
138	183
139	173
140	156
141	176
142	159
143	146
144	125
145	147
146	142
147	127
148	123
149	149
150	135
151	135
152	124
153	124
154	137
155	110
156	144
157	108
158	92
159	129
160	136
161	111
162	128
163	105
164	104
165	97
166	100
167	113
168	105
169	79
170	91
171	110
172	86
173	94
174	112
175	109
176	89
177	80
178	99
179	84
180	84
181	78
182	74
183	88
184	83
185	84
186	83
187	84
188	63
189	85
190	77
191	77
192	75
193	66
194	77
195	61
196	47
197	69
198	66
199	66
200	41
201	67
202	72
203	62
204	58
205	69
206	58
207	67
208	62
209	49
210	55
211	58
212	48
213	62
214	44
215	65
216	50
217	62
218	54
219	37
220	50
221	53
222	47
223	56
224	43
225	58
226	47
227	54
228	35
229	48
230	44
231	43
232	50
233	36
234	47
235	45
236	39
237	41
238	37
239	39
240	46
241	52
242	37
243	44
244	43
245	35
246	44
247	42
248	33
249	32
250	41
251	37
252	27
253	22
254	37
255	33
256	24
257	27
258	42
259	39
260	34
261	34
262	28
263	31
264	33
265	37
266	33
267	34
268	34
269	26
270	35
271	29
272	31
273	23
274	26
275	23
276	27
277	32
278	32
279	24
280	27
281	28
282	28
283	20
284	24
285	23
286	26
287	28
288	20
289	20
290	23
291	17
292	26
293	17
294	19
295	20
296	19
297	21
298	27
299	19
300	8
301	21
302	23
303	20
304	27
305	20
306	18
307	17
308	15
309	18
310	10
311	25
312	11
313	17
314	25
315	25
316	20
317	19
318	23
319	20
320	20
321	17
322	19
323	23
324	14
325	21
326	14
327	13
328	15
329	19
330	14
331	17
332	15
333	14
334	12
335	12
336	5
337	19
338	8
339	20
340	13
341	9
342	18
343	13
344	10
345	11
346	12
347	11
348	9
349	6
350	14
351	8
352	9
353	9
354	13
355	11
356	15
357	9
358	12
359	16
360	14
361	13
362	14
363	14
364	14
365	18
366	10
367	15
368	9
369	7
370	17
371	9
372	12
373	11
374	8
375	12
376	11
377	9
378	13
379	13
380	6
381	16
382	6
383	16
384	7
385	9
386	11
387	6
388	12
389	7
390	11
391	12
392	8
393	13
394	12
395	9
396	7
397	7
398	15
399	7
400	8
401	6
402	7
403	12
404	14
405	10
406	4
407	8
408	8
409	10
410	10
411	8
412	5
413	8
414	6
415	4
416	6
417	5
418	8
419	10
420	12
421	12
422	11
423	4
424	7
425	8
426	6
427	5
428	9
429	4
430	2
431	6
432	9
433	5
434	9
435	5
436	7
437	9
438	11
439	7
440	12
441	8
442	4
443	7
444	1
445	7
446	5
447	4
448	11
449	7
450	6
451	6
452	2
453	5
454	5
455	11
456	10
457	5
458	5
459	6
460	10
461	2
462	5
463	3
464	6
465	3
466	6
467	5
468	5
469	6
470	5
471	3
472	3
473	6
474	6
475	4
476	6
477	9
478	2
479	3
480	1
481	4
482	2
483	3
484	4
485	12
486	3
487	5
488	4
489	6
490	3
491	7
492	2
494	5
495	5
496	2
497	5
498	3
499	4
500	6
501	6
502	7
503	5
504	2
505	3
506	3
507	8
508	6
509	5
510	3
511	3
512	1
513	2
514	6
515	5
516	4
517	3
518	3
519	1
520	4
521	3
522	4
524	3
525	4
526	3
527	3
528	2
529	3
530	3
531	6
532	6
533	2
534	4
535	9
536	3
537	3
538	4
539	3
540	2
541	6
542	3
543	2
544	4
545	4
546	2
547	2
548	4
549	3
550	3
551	3
553	5
554	7
555	7
556	3
557	4
558	2
559	3
560	3
561	3
562	4
563	3
564	3
565	1
567	4
568	5
569	2
571	2
572	5
573	3
574	1
575	2
576	1
577	3
578	5
579	6
580	3
581	3
582	3
583	1
584	1
585	2
586	1
587	3
588	2
590	1
591	3
592	2
594	2
595	1
596	2
598	3
599	4
601	1
602	4
603	2
605	2
606	2
607	1
608	2
609	3
610	5
611	1
612	2
613	1
615	4
617	1
618	4
619	2
620	4
621	1
622	1
623	4
624	2
625	3
626	1
627	4
628	1
629	1
630	7
631	1
633	3
635	3
636	3
637	2
638	1
639	2
640	2
641	3
642	3
643	1
644	3
645	2
646	3
647	1
648	1
649	2
650	3
652	1
654	3
656	3
657	3
660	1
662	2
663	3
664	2
665	2
666	2
667	3
669	2
670	3
672	4
674	3
675	2
676	2
678	1
679	1
680	1
681	3
682	1
683	3
685	1
686	4
687	1
688	2
689	2
690	2
691	1
692	3
697	2
698	2
699	3
700	1
702	3
703	2
706	1
707	1
708	4
709	3
711	4
712	3
713	1
714	2
715	2
716	4
717	1
718	1
719	1
720	2
721	1
722	1
723	1
725	1
726	1
727	2
728	3
729	2
730	2
735	1
736	1
737	1
738	2
739	1
740	1
741	1
745	1
749	1
750	1
751	1
753	2
757	1
758	1
759	3
761	1
762	1
764	2
766	1
767	2
768	1
770	2
771	1
772	2
773	2
774	2
775	1
776	2
777	1
781	1
782	2
783	1
784	2
786	1
789	2
791	3
792	1
794	3
795	2
796	1
799	1
800	2
802	1
803	1
807	3
808	3
812	1
815	1
816	1
818	1
821	1
822	3
823	1
824	1
825	1
826	1
827	1
828	1
829	1
832	1
833	1
834	1
835	1
838	1
841	1
842	2
843	1
844	1
845	3
846	1
849	1
850	1
851	1
852	1
853	1
854	2
855	1
857	1
860	2
863	2
864	1
865	1
867	1
869	1
872	2
873	1
877	2
879	1
882	2
884	1
885	1
886	1
889	2
891	1
898	1
899	1
900	1
902	1
906	1
909	1
910	2
912	1
913	1
915	1
916	1
917	2
918	2
921	2
925	1
929	3
933	1
936	2
941	1
945	2
947	1
948	1
950	1
952	1
953	1
955	1
956	1
959	1
961	1
963	1
964	1
969	1
970	1
972	1
973	1
975	1
976	1
981	1
982	1
983	1
984	1
985	1
988	1
996	3
998	1
999	1
1003	2
1009	1
1010	1
1012	1
1017	3
1020	2
1028	1
1031	1
1032	1
1033	2
1034	1
1036	1
1037	1
1038	1
1041	1
1045	1
1047	1
1055	2
1059	1
1063	1
1071	1
1076	1
1077	1
1079	1
1083	1
1085	1
1088	1
1093	1
1096	1
1105	1
1110	1
1111	1
1112	1
1119	1
1121	1
1123	1
1129	1
1130	1
1133	1
1148	1
1152	1
1158	1
1160	1
1164	1
1170	1
1172	1
1182	1
1183	1
1186	2
1192	1
1199	1
1202	1
1207	1
1211	1
1215	1
1217	1
1225	1
1227	1
1242	1
1261	1
1266	1
1267	1
1274	1
1276	1
1280	1
1284	2
1306	2
1307	1
1316	1
1324	1
1338	1
1369	1
1392	1
1402	1
1406	1
1412	1
1423	1
1426	1
1444	1
1459	1
1472	1
1494	1
1524	1
1531	1
1535	1
1635	1
1639	1
1660	1
1695	1
1700	1
1799	1
1808	1
1832	1
1839	1
1876	1
2023	1
2036	1
2046	1
2064	1
2158	1
2180	1
2366	1
2379	1
2400	1
2441	1
2704	1
2717	1
2823	1
3351	1
3389	1
3601	1
4236	1
4583	1
4946	1
5079	1
18149	1
186416	1

[ESTIMATING YIELD CURVE]
[BOOTSTRAPPING HISTOGRAM]
.................._......................................................_............................
[COMPUTING CONFIDENCE INTERVALS]
[WRITING OUTPUT]
