PAIRED_END_BAM_INPUT
Processed 1000000 records
Processed 2000000 records
Processed 3000000 records
Processed 4000000 records
Processed 5000000 records
Processed 6000000 records
Processed 7000000 records
Processed 8000000 records
Processed 9000000 records
Processed 10000000 records
Processed 11000000 records
Processed 12000000 records
Processed 13000000 records
Processed 14000000 records
Processed 15000000 records
Processed 16000000 records
Processed 17000000 records
Processed 18000000 records
Processed 19000000 records
Processed 20000000 records
Processed 21000000 records
Processed 22000000 records
Processed 23000000 records
Processed 24000000 records
Processed 25000000 records
Processed 26000000 records
Processed 27000000 records
Processed 28000000 records
Processed 29000000 records
Processed 30000000 records
Processed 31000000 records
Processed 32000000 records
Processed 33000000 records
Processed 34000000 records
Processed 35000000 records
Processed 36000000 records
Processed 37000000 records
Processed 38000000 records
Processed 39000000 records
Processed 40000000 records
Processed 41000000 records
Processed 42000000 records
Processed 43000000 records
Processed 44000000 records
Processed 45000000 records
Processed 46000000 records
Processed 47000000 records
Processed 48000000 records
Processed 49000000 records
Processed 50000000 records
Processed 51000000 records
Processed 52000000 records
Processed 53000000 records
Processed 54000000 records
Processed 55000000 records
Processed 56000000 records
Processed 57000000 records
Processed 58000000 records
Processed 59000000 records
Processed 60000000 records
Processed 61000000 records
Processed 62000000 records
Processed 63000000 records
Processed 64000000 records
Processed 65000000 records
Processed 66000000 records
Processed 67000000 records
Processed 68000000 records
Processed 69000000 records
Processed 70000000 records
Processed 71000000 records
Processed 72000000 records
Processed 73000000 records
Processed 74000000 records
Processed 75000000 records
Processed 76000000 records
Processed 77000000 records
Processed 78000000 records
Processed 79000000 records
Processed 80000000 records
Processed 81000000 records
Processed 82000000 records
Processed 83000000 records
Processed 84000000 records
Processed 85000000 records
Processed 86000000 records
Processed 87000000 records
Processed 88000000 records
Processed 89000000 records
Processed 90000000 records
Processed 91000000 records
Processed 92000000 records
Processed 93000000 records
Processed 94000000 records
Processed 95000000 records
Processed 96000000 records
Processed 97000000 records
Processed 98000000 records
Processed 99000000 records
Processed 100000000 records
Processed 101000000 records
Processed 102000000 records
Processed 103000000 records
Processed 104000000 records
Processed 105000000 records
Processed 106000000 records
Processed 107000000 records
Processed 108000000 records
Processed 109000000 records
paired = 53898197
unpaired = 1593267
MERGED PAIRED END READS = 53898197
MATES PROCESSED = 109389661
TOTAL READS     = 55491464
DISTINCT READS  = 3.8625e+07
DISTINCT COUNTS = 589
MAX COUNT       = 221313
COUNTS OF 1     = 3.07175e+07
MAX TERMS       = 100
OBSERVED COUNTS (221314)
1	30717537
2	5938937
3	1167722
4	287134
5	111455
6	65043
7	46482
8	35750
9	28956
10	23666
11	20171
12	16924
13	14648
14	12632
15	10996
16	9879
17	8515
18	7743
19	6926
20	6041
21	5521
22	4939
23	4570
24	4151
25	3776
26	3344
27	3014
28	2852
29	2634
30	2510
31	2247
32	2162
33	1970
34	1874
35	1764
36	1757
37	1551
38	1412
39	1325
40	1325
41	1206
42	1185
43	1087
44	1056
45	930
46	897
47	921
48	876
49	849
50	754
51	735
52	729
53	706
54	633
55	571
56	608
57	566
58	536
59	554
60	483
61	492
62	448
63	435
64	423
65	429
66	373
67	370
68	381
69	337
70	358
71	337
72	337
73	312
74	306
75	269
76	295
77	265
78	269
79	235
80	258
81	250
82	229
83	215
84	239
85	216
86	201
87	209
88	182
89	174
90	160
91	178
92	170
93	169
94	159
95	168
96	149
97	156
98	140
99	135
100	149
101	138
102	152
103	102
104	109
105	120
106	107
107	108
108	118
109	110
110	99
111	92
112	106
113	97
114	97
115	90
116	87
117	93
118	74
119	81
120	87
121	84
122	78
123	61
124	89
125	87
126	68
127	71
128	55
129	73
130	50
131	66
132	65
133	80
134	57
135	60
136	71
137	54
138	50
139	57
140	41
141	51
142	48
143	52
144	41
145	45
146	38
147	49
148	32
149	43
150	39
151	34
152	36
153	37
154	42
155	46
156	55
157	32
158	38
159	38
160	47
161	34
162	27
163	40
164	31
165	34
166	28
167	29
168	27
169	31
170	27
171	34
172	32
173	24
174	17
175	34
176	31
177	16
178	30
179	27
180	36
181	41
182	21
183	14
184	20
185	20
186	28
187	17
188	35
189	21
190	19
191	26
192	14
193	22
194	21
195	24
196	18
197	17
198	11
199	14
200	19
201	18
202	10
203	15
204	18
205	12
206	15
207	15
208	18
209	17
210	15
211	8
212	19
213	12
214	11
215	12
216	14
217	22
218	18
219	11
220	19
221	15
222	12
223	5
224	14
225	11
226	8
227	12
228	9
229	13
230	13
231	15
232	10
233	7
234	12
235	13
236	4
237	10
238	14
239	4
240	10
241	11
242	11
243	6
244	8
245	11
246	8
247	6
248	12
249	5
250	3
251	13
252	10
253	4
254	9
255	7
256	8
257	4
258	8
259	4
260	9
261	12
262	8
263	9
264	9
265	4
266	6
267	8
268	6
269	7
270	3
271	10
272	12
273	8
274	6
275	7
276	4
277	10
278	8
279	3
280	9
281	1
282	6
283	3
284	5
285	6
286	4
287	4
288	12
289	2
290	3
291	6
292	3
293	5
294	4
295	3
296	4
297	3
298	2
299	7
300	3
301	1
302	5
303	4
304	5
305	8
306	3
307	3
308	4
309	4
310	8
311	4
312	4
313	4
314	2
315	8
316	2
317	7
318	7
319	7
320	5
321	3
322	3
323	3
324	2
325	1
326	4
327	1
328	6
329	3
330	2
332	3
333	3
334	3
335	4
336	3
337	4
338	2
340	2
341	3
342	5
343	5
344	2
345	5
346	3
348	3
349	2
351	4
352	1
353	4
354	3
355	3
356	2
357	5
358	3
359	4
360	4
361	2
362	3
363	1
364	3
365	2
366	3
368	2
369	3
370	1
371	2
373	4
374	1
375	5
376	3
378	3
380	4
381	2
382	1
383	2
384	2
385	4
387	1
388	1
389	3
390	2
391	1
392	1
393	1
394	3
395	3
397	1
398	2
400	5
402	1
403	4
404	1
405	1
406	2
408	2
409	1
410	1
413	2
415	1
416	1
417	1
418	1
419	1
420	2
421	1
422	4
423	2
424	1
425	2
426	2
427	1
428	2
431	1
434	1
435	1
436	1
437	1
438	2
439	2
440	1
441	1
444	1
447	1
450	1
453	2
454	1
455	2
457	2
460	2
461	3
466	1
467	1
468	1
469	2
471	2
473	1
475	2
478	2
479	1
480	1
481	1
482	1
483	2
484	2
485	1
488	2
490	1
491	1
492	2
493	1
494	2
495	2
498	1
500	3
501	1
503	1
504	1
505	1
506	1
507	1
508	2
509	1
510	1
512	1
513	4
516	2
518	1
519	1
520	2
521	1
522	1
523	2
528	2
529	1
532	1
533	2
534	1
535	1
537	1
538	1
540	2
543	1
544	1
545	2
548	1
551	1
553	1
556	1
561	4
562	2
567	2
568	1
569	1
570	1
571	1
572	1
575	1
579	1
580	1
582	1
591	1
595	1
596	1
600	1
601	1
602	1
603	1
605	2
608	1
609	1
610	1
611	1
613	1
618	1
621	1
633	1
635	1
642	3
645	1
646	2
654	1
657	1
658	1
659	1
663	1
664	1
666	1
677	1
680	2
684	1
695	1
713	1
719	1
720	1
733	1
751	1
758	1
773	1
776	1
778	1
780	1
781	1
792	1
795	1
807	1
810	1
820	1
843	1
854	1
867	1
883	1
893	1
898	1
902	1
906	1
914	1
953	1
954	1
961	1
1023	1
1030	1
1032	1
1038	1
1067	1
1074	1
1122	1
1124	1
1176	1
1199	1
1224	1
1230	1
1247	1
1253	1
1293	1
1308	1
1376	1
1426	1
1503	1
1559	1
1574	1
1625	1
1829	1
2440	1
2441	1
2456	1
3196	1
4430	1
12717	1
221313	1

[ESTIMATING YIELD CURVE]
[BOOTSTRAPPING HISTOGRAM]
........................._...................................................._.._................._....
[COMPUTING CONFIDENCE INTERVALS]
[WRITING OUTPUT]
