PAIRED_END_BAM_INPUT
Processed 1000000 records
Processed 2000000 records
Processed 3000000 records
Processed 4000000 records
Processed 5000000 records
Processed 6000000 records
Processed 7000000 records
Processed 8000000 records
Processed 9000000 records
Processed 10000000 records
Processed 11000000 records
Processed 12000000 records
Processed 13000000 records
Processed 14000000 records
Processed 15000000 records
Processed 16000000 records
Processed 17000000 records
Processed 18000000 records
Processed 19000000 records
Processed 20000000 records
Processed 21000000 records
Processed 22000000 records
Processed 23000000 records
Processed 24000000 records
Processed 25000000 records
Processed 26000000 records
Processed 27000000 records
Processed 28000000 records
Processed 29000000 records
Processed 30000000 records
Processed 31000000 records
Processed 32000000 records
Processed 33000000 records
Processed 34000000 records
Processed 35000000 records
Processed 36000000 records
Processed 37000000 records
Processed 38000000 records
Processed 39000000 records
Processed 40000000 records
Processed 41000000 records
Processed 42000000 records
Processed 43000000 records
Processed 44000000 records
Processed 45000000 records
Processed 46000000 records
Processed 47000000 records
Processed 48000000 records
Processed 49000000 records
Processed 50000000 records
Processed 51000000 records
Processed 52000000 records
Processed 53000000 records
Processed 54000000 records
Processed 55000000 records
Processed 56000000 records
Processed 57000000 records
Processed 58000000 records
Processed 59000000 records
Processed 60000000 records
Processed 61000000 records
Processed 62000000 records
Processed 63000000 records
Processed 64000000 records
Processed 65000000 records
Processed 66000000 records
Processed 67000000 records
Processed 68000000 records
Processed 69000000 records
Processed 70000000 records
Processed 71000000 records
Processed 72000000 records
Processed 73000000 records
Processed 74000000 records
Processed 75000000 records
Processed 76000000 records
Processed 77000000 records
Processed 78000000 records
Processed 79000000 records
Processed 80000000 records
Processed 81000000 records
Processed 82000000 records
Processed 83000000 records
Processed 84000000 records
Processed 85000000 records
Processed 86000000 records
Processed 87000000 records
Processed 88000000 records
Processed 89000000 records
Processed 90000000 records
Processed 91000000 records
Processed 92000000 records
Processed 93000000 records
Processed 94000000 records
Processed 95000000 records
Processed 96000000 records
Processed 97000000 records
Processed 98000000 records
Processed 99000000 records
Processed 100000000 records
Processed 101000000 records
Processed 102000000 records
Processed 103000000 records
Processed 104000000 records
Processed 105000000 records
Processed 106000000 records
Processed 107000000 records
Processed 108000000 records
paired = 53339188
unpaired = 1826447
MERGED PAIRED END READS = 53339188
MATES PROCESSED = 108504823
TOTAL READS     = 55165635
DISTINCT READS  = 3.95671e+07
DISTINCT COUNTS = 547
MAX COUNT       = 229614
COUNTS OF 1     = 3.19085e+07
MAX TERMS       = 100
OBSERVED COUNTS (229615)
1	31908504
2	5837773
3	1095833
4	259884
5	100348
6	59742
7	42863
8	33636
9	26779
10	22145
11	18445
12	15540
13	13205
14	11491
15	10028
16	8842
17	7827
18	7102
19	6303
20	5580
21	5086
22	4500
23	4126
24	3684
25	3307
26	3009
27	2739
28	2500
29	2360
30	2127
31	1972
32	1821
33	1703
34	1579
35	1495
36	1416
37	1304
38	1251
39	1181
40	1110
41	1077
42	934
43	873
44	834
45	825
46	764
47	732
48	769
49	638
50	647
51	615
52	562
53	551
54	486
55	542
56	493
57	476
58	486
59	433
60	422
61	389
62	378
63	351
64	365
65	344
66	334
67	303
68	285
69	277
70	304
71	267
72	252
73	251
74	214
75	249
76	262
77	209
78	212
79	190
80	182
81	193
82	199
83	181
84	174
85	189
86	168
87	148
88	167
89	141
90	131
91	156
92	125
93	134
94	136
95	119
96	109
97	108
98	126
99	108
100	94
101	92
102	104
103	100
104	91
105	95
106	89
107	81
108	97
109	93
110	80
111	73
112	86
113	72
114	80
115	75
116	67
117	82
118	80
119	73
120	87
121	63
122	62
123	50
124	66
125	62
126	56
127	55
128	55
129	66
130	66
131	48
132	41
133	39
134	56
135	38
136	41
137	47
138	42
139	45
140	53
141	43
142	38
143	33
144	38
145	37
146	35
147	37
148	37
149	40
150	40
151	37
152	25
153	39
154	19
155	27
156	35
157	31
158	28
159	27
160	26
161	31
162	33
163	25
164	28
165	40
166	23
167	17
168	38
169	23
170	26
171	29
172	24
173	19
174	12
175	23
176	14
177	18
178	14
179	21
180	15
181	24
182	19
183	17
184	14
185	18
186	21
187	14
188	10
189	11
190	14
191	13
192	16
193	17
194	11
195	14
196	13
197	18
198	21
199	14
200	12
201	11
202	8
203	14
204	12
205	7
206	6
207	13
208	19
209	10
210	5
211	9
212	9
213	11
214	17
215	11
216	13
217	14
218	12
219	9
220	10
221	12
222	10
223	7
224	7
225	14
226	9
227	6
228	3
229	10
230	3
231	10
232	8
233	13
234	8
235	7
236	10
237	6
238	7
239	6
240	9
241	7
242	6
243	8
244	4
245	6
246	8
247	6
248	8
249	14
250	8
251	5
252	8
253	7
254	5
255	1
256	3
257	4
258	6
259	5
260	3
261	6
262	7
263	7
264	5
265	7
266	8
267	3
268	2
269	4
270	4
271	7
272	4
273	2
274	4
275	4
276	3
277	2
278	2
279	2
280	7
281	4
282	6
283	2
284	4
285	3
286	2
287	6
288	2
289	6
290	4
291	1
292	3
293	3
294	2
295	5
296	4
297	1
298	4
299	6
300	5
301	1
302	2
303	3
304	5
305	7
306	1
308	6
309	3
310	2
311	2
312	2
313	3
314	6
315	1
316	6
317	4
318	5
319	1
321	2
322	2
323	1
324	1
325	4
326	3
327	3
328	2
329	4
331	2
332	1
334	3
335	4
336	2
337	4
338	4
339	2
340	2
341	6
343	1
344	2
345	2
346	2
347	3
348	1
349	2
350	4
351	2
352	1
353	2
354	1
355	1
356	2
357	3
358	2
360	3
361	3
363	3
364	1
365	1
366	1
367	1
369	1
370	2
371	2
373	1
374	1
375	2
377	2
379	2
380	1
381	2
382	1
383	1
384	4
385	2
386	2
387	1
390	1
392	1
393	1
395	1
396	5
398	3
399	1
400	2
401	2
402	1
404	1
405	2
406	1
407	1
408	2
409	2
410	1
411	2
412	1
413	3
414	1
415	3
418	1
421	3
422	1
423	1
427	2
428	2
430	1
431	1
433	2
436	1
437	1
438	1
439	2
441	1
442	1
443	1
444	2
446	2
447	1
451	2
452	2
453	1
458	1
460	2
461	1
463	2
464	1
465	1
466	1
468	3
470	1
471	2
474	2
476	1
480	1
487	1
488	1
494	1
497	1
498	2
499	2
503	2
508	1
509	1
511	1
513	2
515	1
518	1
519	1
521	1
522	1
525	1
530	1
531	1
533	1
534	1
536	2
537	2
538	1
541	1
542	1
544	1
546	1
549	1
550	1
551	2
552	1
554	1
558	1
559	1
562	1
571	1
572	1
574	1
577	1
580	1
581	1
583	1
587	1
591	1
593	1
597	1
601	1
605	2
607	1
609	1
615	1
627	1
629	1
644	1
647	1
655	1
660	1
662	1
673	1
680	1
684	1
698	1
703	1
708	1
734	1
744	1
752	1
765	1
766	1
775	2
781	1
784	1
792	1
796	1
814	1
824	1
843	1
863	1
899	1
911	1
925	1
948	1
990	1
1002	1
1084	1
1103	1
1112	1
1147	1
1168	1
1192	1
1214	1
1218	1
1284	1
1348	1
1370	1
1449	1
1594	1
1713	1
1735	1
2106	1
2152	1
2305	1
2330	1
2354	1
2863	1
3752	1
4544	1
4601	1
5229	1
10413	1
11270	1
33241	1
229614	1

[ESTIMATING YIELD CURVE]
[BOOTSTRAPPING HISTOGRAM]
..._........_........._..._......._._..__...__....................._..._..........__......_.................._.._._.._.
[COMPUTING CONFIDENCE INTERVALS]
[WRITING OUTPUT]
